{"/home/travis/build/npmtest/node-npmtest-big.js/test.js":{"path":"/home/travis/build/npmtest/node-npmtest-big.js/test.js","s":{"1":2,"2":2,"3":2,"4":2,"5":2,"6":2,"7":2,"8":1,"9":2,"10":2,"11":1,"12":1,"13":1,"14":1,"15":2,"16":2,"17":2,"18":2,"19":1,"20":1,"21":2,"22":2,"23":2,"24":1,"25":1,"26":1,"27":1,"28":1,"29":1,"30":1,"31":1,"32":1,"33":1,"34":1,"35":1,"36":1,"37":1,"38":1,"39":2,"40":2,"41":1,"42":2,"43":2,"44":1,"45":2,"46":2,"47":1,"48":2,"49":2,"50":1,"51":1,"52":1,"53":1,"54":1},"b":{"1":[2,1,1,1],"2":[1,1,1,1],"3":[1,1],"4":[1,1],"5":[1,1],"6":[1,1],"7":[1,1],"8":[1,1],"9":[1,1],"10":[1,1,1],"11":[1,1],"12":[1,1],"13":[1,1],"14":[1,1],"15":[1,1],"16":[1,1],"17":[1,1]},"f":{"1":2,"2":2,"3":2,"4":2,"5":2,"6":1,"7":1,"8":1,"9":2,"10":2,"11":2,"12":2,"13":1},"fnMap":{"1":{"name":"(anonymous_1)","line":12,"loc":{"start":{"line":12,"column":1},"end":{"line":12,"column":13}}},"2":{"name":"(anonymous_2)","line":19,"loc":{"start":{"line":19,"column":5},"end":{"line":19,"column":17}}},"3":{"name":"(anonymous_3)","line":23,"loc":{"start":{"line":23,"column":24},"end":{"line":23,"column":36}}},"4":{"name":"(anonymous_4)","line":61,"loc":{"start":{"line":61,"column":5},"end":{"line":61,"column":17}}},"5":{"name":"(anonymous_5)","line":82,"loc":{"start":{"line":82,"column":5},"end":{"line":82,"column":17}}},"6":{"name":"(anonymous_6)","line":91,"loc":{"start":{"line":91,"column":77},"end":{"line":94,"column":10}}},"7":{"name":"(anonymous_7)","line":112,"loc":{"start":{"line":112,"column":83},"end":{"line":115,"column":10}},"skip":true},"8":{"name":"(anonymous_8)","line":123,"loc":{"start":{"line":123,"column":77},"end":{"line":126,"column":10}},"skip":true},"9":{"name":"(anonymous_9)","line":139,"loc":{"start":{"line":139,"column":12},"end":{"line":139,"column":40}},"skip":true},"10":{"name":"(anonymous_10)","line":147,"loc":{"start":{"line":147,"column":77},"end":{"line":150,"column":10}},"skip":true},"11":{"name":"(anonymous_11)","line":158,"loc":{"start":{"line":158,"column":83},"end":{"line":161,"column":10}},"skip":true},"12":{"name":"(anonymous_12)","line":169,"loc":{"start":{"line":169,"column":79},"end":{"line":172,"column":10}},"skip":true},"13":{"name":"(anonymous_13)","line":180,"loc":{"start":{"line":180,"column":75},"end":{"line":183,"column":10}},"skip":true}},"statementMap":{"1":{"start":{"line":12,"column":0},"end":{"line":195,"column":5}},"2":{"start":{"line":14,"column":4},"end":{"line":14,"column":14}},"3":{"start":{"line":19,"column":4},"end":{"line":56,"column":9}},"4":{"start":{"line":21,"column":8},"end":{"line":21,"column":19}},"5":{"start":{"line":23,"column":8},"end":{"line":35,"column":13}},"6":{"start":{"line":24,"column":12},"end":{"line":34,"column":13}},"7":{"start":{"line":25,"column":16},"end":{"line":28,"column":30}},"8":{"start":{"line":30,"column":16},"end":{"line":33,"column":27}},"9":{"start":{"line":37,"column":8},"end":{"line":39,"column":21}},"10":{"start":{"line":40,"column":8},"end":{"line":53,"column":9}},"11":{"start":{"line":43,"column":12},"end":{"line":46,"column":14}},"12":{"start":{"line":47,"column":12},"end":{"line":47,"column":18}},"13":{"start":{"line":50,"column":12},"end":{"line":51,"column":33}},"14":{"start":{"line":52,"column":12},"end":{"line":52,"column":18}},"15":{"start":{"line":55,"column":8},"end":{"line":55,"column":35}},"16":{"start":{"line":61,"column":4},"end":{"line":63,"column":9}},"17":{"start":{"line":62,"column":8},"end":{"line":62,"column":15}},"18":{"start":{"line":64,"column":4},"end":{"line":77,"column":5}},"19":{"start":{"line":70,"column":8},"end":{"line":70,"column":14}},"20":{"start":{"line":76,"column":8},"end":{"line":76,"column":14}},"21":{"start":{"line":82,"column":4},"end":{"line":84,"column":9}},"22":{"start":{"line":83,"column":8},"end":{"line":83,"column":15}},"23":{"start":{"line":85,"column":4},"end":{"line":194,"column":5}},"24":{"start":{"line":91,"column":8},"end":{"line":99,"column":10}},"25":{"start":{"line":98,"column":12},"end":{"line":98,"column":35}},"26":{"start":{"line":102,"column":8},"end":{"line":104,"column":63}},"27":{"start":{"line":105,"column":8},"end":{"line":105,"column":14}},"28":{"start":{"line":112,"column":8},"end":{"line":121,"column":10},"skip":true},"29":{"start":{"line":119,"column":12},"end":{"line":119,"column":55},"skip":true},"30":{"start":{"line":120,"column":12},"end":{"line":120,"column":48},"skip":true},"31":{"start":{"line":123,"column":8},"end":{"line":136,"column":10},"skip":true},"32":{"start":{"line":130,"column":12},"end":{"line":130,"column":76},"skip":true},"33":{"start":{"line":131,"column":12},"end":{"line":131,"column":73},"skip":true},"34":{"start":{"line":132,"column":12},"end":{"line":132,"column":74},"skip":true},"35":{"start":{"line":133,"column":12},"end":{"line":133,"column":79},"skip":true},"36":{"start":{"line":134,"column":12},"end":{"line":134,"column":25},"skip":true},"37":{"start":{"line":135,"column":12},"end":{"line":135,"column":45},"skip":true},"38":{"start":{"line":138,"column":8},"end":{"line":145,"column":14},"skip":true},"39":{"start":{"line":143,"column":16},"end":{"line":143,"column":29},"skip":true},"40":{"start":{"line":144,"column":16},"end":{"line":144,"column":55},"skip":true},"41":{"start":{"line":147,"column":8},"end":{"line":156,"column":10},"skip":true},"42":{"start":{"line":154,"column":12},"end":{"line":154,"column":25},"skip":true},"43":{"start":{"line":155,"column":12},"end":{"line":155,"column":45},"skip":true},"44":{"start":{"line":158,"column":8},"end":{"line":167,"column":10},"skip":true},"45":{"start":{"line":165,"column":12},"end":{"line":165,"column":25},"skip":true},"46":{"start":{"line":166,"column":12},"end":{"line":166,"column":48},"skip":true},"47":{"start":{"line":169,"column":8},"end":{"line":178,"column":10},"skip":true},"48":{"start":{"line":176,"column":12},"end":{"line":176,"column":25},"skip":true},"49":{"start":{"line":177,"column":12},"end":{"line":177,"column":46},"skip":true},"50":{"start":{"line":180,"column":8},"end":{"line":189,"column":10},"skip":true},"51":{"start":{"line":187,"column":12},"end":{"line":187,"column":94},"skip":true},"52":{"start":{"line":188,"column":12},"end":{"line":188,"column":48},"skip":true},"53":{"start":{"line":192,"column":8},"end":{"line":192,"column":35},"skip":true},"54":{"start":{"line":193,"column":8},"end":{"line":193,"column":14},"skip":true}},"branchMap":{"1":{"line":25,"type":"binary-expr","locations":[{"start":{"line":25,"column":23},"end":{"line":25,"column":62}},{"start":{"line":26,"column":20},"end":{"line":26,"column":70}},{"start":{"line":27,"column":20},"end":{"line":27,"column":71}},{"start":{"line":28,"column":20},"end":{"line":28,"column":29}}]},"2":{"line":30,"type":"binary-expr","locations":[{"start":{"line":30,"column":23},"end":{"line":30,"column":37}},{"start":{"line":31,"column":20},"end":{"line":31,"column":61}},{"start":{"line":32,"column":20},"end":{"line":32,"column":70}},{"start":{"line":33,"column":20},"end":{"line":33,"column":26}}]},"3":{"line":37,"type":"cond-expr","locations":[{"start":{"line":38,"column":14},"end":{"line":38,"column":20}},{"start":{"line":39,"column":14},"end":{"line":39,"column":20}}]},"4":{"line":40,"type":"switch","locations":[{"start":{"line":42,"column":8},"end":{"line":47,"column":18}},{"start":{"line":49,"column":8},"end":{"line":52,"column":18}}]},"5":{"line":44,"type":"binary-expr","locations":[{"start":{"line":44,"column":16},"end":{"line":44,"column":44}},{"start":{"line":44,"column":48},"end":{"line":44,"column":66}}]},"6":{"line":50,"type":"binary-expr","locations":[{"start":{"line":50,"column":21},"end":{"line":50,"column":49}},{"start":{"line":50,"column":53},"end":{"line":50,"column":72}}]},"7":{"line":64,"type":"switch","locations":[{"start":{"line":69,"column":4},"end":{"line":70,"column":14}},{"start":{"line":75,"column":4},"end":{"line":76,"column":14}}]},"8":{"line":85,"type":"switch","locations":[{"start":{"line":90,"column":4},"end":{"line":105,"column":14}},{"start":{"line":111,"column":4},"end":{"line":193,"column":14},"skip":true}]},"9":{"line":91,"type":"binary-expr","locations":[{"start":{"line":91,"column":42},"end":{"line":91,"column":73}},{"start":{"line":91,"column":77},"end":{"line":99,"column":9}}]},"10":{"line":102,"type":"binary-expr","locations":[{"start":{"line":102,"column":18},"end":{"line":102,"column":32}},{"start":{"line":103,"column":12},"end":{"line":103,"column":53}},{"start":{"line":104,"column":12},"end":{"line":104,"column":61}}]},"11":{"line":112,"type":"binary-expr","locations":[{"start":{"line":112,"column":45},"end":{"line":112,"column":79},"skip":true},{"start":{"line":112,"column":83},"end":{"line":121,"column":9},"skip":true}]},"12":{"line":123,"type":"binary-expr","locations":[{"start":{"line":123,"column":42},"end":{"line":123,"column":73},"skip":true},{"start":{"line":123,"column":77},"end":{"line":136,"column":9},"skip":true}]},"13":{"line":138,"type":"binary-expr","locations":[{"start":{"line":138,"column":48},"end":{"line":138,"column":85},"skip":true},{"start":{"line":139,"column":12},"end":{"line":145,"column":13},"skip":true}]},"14":{"line":147,"type":"binary-expr","locations":[{"start":{"line":147,"column":42},"end":{"line":147,"column":73},"skip":true},{"start":{"line":147,"column":77},"end":{"line":156,"column":9},"skip":true}]},"15":{"line":158,"type":"binary-expr","locations":[{"start":{"line":158,"column":45},"end":{"line":158,"column":79},"skip":true},{"start":{"line":158,"column":83},"end":{"line":167,"column":9},"skip":true}]},"16":{"line":169,"type":"binary-expr","locations":[{"start":{"line":169,"column":43},"end":{"line":169,"column":75},"skip":true},{"start":{"line":169,"column":79},"end":{"line":178,"column":9},"skip":true}]},"17":{"line":180,"type":"binary-expr","locations":[{"start":{"line":180,"column":41},"end":{"line":180,"column":71},"skip":true},{"start":{"line":180,"column":75},"end":{"line":189,"column":9},"skip":true}]}},"code":["/* istanbul instrument in package npmtest_big_js */","/*jslint","    bitwise: true,","    browser: true,","    maxerr: 8,","    maxlen: 96,","    node: true,","    nomen: true,","    regexp: true,","    stupid: true","*/","(function () {","    'use strict';","    var local;","","","","    // run shared js-env code - init-before","    (function () {","        // init local","        local = {};","        // init modeJs","        local.modeJs = (function () {","            try {","                return typeof navigator.userAgent === 'string' &&","                    typeof document.querySelector('body') === 'object' &&","                    typeof XMLHttpRequest.prototype.open === 'function' &&","                    'browser';","            } catch (errorCaughtBrowser) {","                return module.exports &&","                    typeof process.versions.node === 'string' &&","                    typeof require('http').createServer === 'function' &&","                    'node';","            }","        }());","        // init global","        local.global = local.modeJs === 'browser'","            ? window","            : global;","        switch (local.modeJs) {","        // re-init local from window.local","        case 'browser':","            local = local.global.utility2.objectSetDefault(","                local.global.utility2_rollup || local.global.local,","                local.global.utility2","            );","            break;","        // re-init local from example.js","        case 'node':","            local = (local.global.utility2_rollup || require('utility2'))","                .requireReadme();","            break;","        }","        // export local","        local.global.local = local;","    }());","","","","    // run shared js-env code - function","    (function () {","        return;","    }());","    switch (local.modeJs) {","","","","    // run browser js-env code - function","    case 'browser':","        break;","","","","    // run node js-env code - function","    case 'node':","        break;","    }","","","","    // run shared js-env code - init-after","    (function () {","        return;","    }());","    switch (local.modeJs) {","","","","    // run browser js-env code - init-after","    case 'browser':","        local.testCase_browser_nullCase = local.testCase_browser_nullCase || function (","            options,","            onError","        ) {","        /*","         * this function will test browsers's null-case handling-behavior-behavior","         */","            onError(null, options);","        };","","        // run tests","        local.nop(local.modeTest &&","            document.querySelector('#testRunButton1') &&","            document.querySelector('#testRunButton1').click());","        break;","","","","    // run node js-env code - init-after","    /* istanbul ignore next */","    case 'node':","        local.testCase_buildApidoc_default = local.testCase_buildApidoc_default || function (","            options,","            onError","        ) {","        /*","         * this function will test buildApidoc's default handling-behavior-behavior","         */","            options = { modulePathList: module.paths };","            local.buildApidoc(options, onError);","        };","","        local.testCase_buildApp_default = local.testCase_buildApp_default || function (","            options,","            onError","        ) {","        /*","         * this function will test buildApp's default handling-behavior-behavior","         */","            local.testCase_buildReadme_default(options, local.onErrorThrow);","            local.testCase_buildLib_default(options, local.onErrorThrow);","            local.testCase_buildTest_default(options, local.onErrorThrow);","            local.testCase_buildCustomOrg_default(options, local.onErrorThrow);","            options = [];","            local.buildApp(options, onError);","        };","","        local.testCase_buildCustomOrg_default = local.testCase_buildCustomOrg_default ||","            function (options, onError) {","            /*","             * this function will test buildCustomOrg's default handling-behavior","             */","                options = {};","                local.buildCustomOrg(options, onError);","            };","","        local.testCase_buildLib_default = local.testCase_buildLib_default || function (","            options,","            onError","        ) {","        /*","         * this function will test buildLib's default handling-behavior","         */","            options = {};","            local.buildLib(options, onError);","        };","","        local.testCase_buildReadme_default = local.testCase_buildReadme_default || function (","            options,","            onError","        ) {","        /*","         * this function will test buildReadme's default handling-behavior-behavior","         */","            options = {};","            local.buildReadme(options, onError);","        };","","        local.testCase_buildTest_default = local.testCase_buildTest_default || function (","            options,","            onError","        ) {","        /*","         * this function will test buildTest's default handling-behavior","         */","            options = {};","            local.buildTest(options, onError);","        };","","        local.testCase_webpage_default = local.testCase_webpage_default || function (","            options,","            onError","        ) {","        /*","         * this function will test webpage's default handling-behavior","         */","            options = { modeCoverageMerge: true, url: local.serverLocalHost + '?modeTest=1' };","            local.browserTest(options, onError);","        };","","        // run test-server","        local.testRunServer(local);","        break;","    }","}());",""],"l":{"12":2,"14":2,"19":2,"21":2,"23":2,"24":2,"25":2,"30":1,"37":2,"40":2,"43":1,"47":1,"50":1,"52":1,"55":2,"61":2,"62":2,"64":2,"70":1,"76":1,"82":2,"83":2,"85":2,"91":1,"98":1,"102":1,"105":1,"112":1,"119":1,"120":1,"123":1,"130":1,"131":1,"132":1,"133":1,"134":1,"135":1,"138":1,"143":2,"144":2,"147":1,"154":2,"155":2,"158":1,"165":2,"166":2,"169":1,"176":2,"177":2,"180":1,"187":1,"188":1,"192":1,"193":1}},"/home/travis/build/npmtest/node-npmtest-big.js/lib.npmtest_big_js.js":{"path":"/home/travis/build/npmtest/node-npmtest-big.js/lib.npmtest_big_js.js","s":{"1":2,"2":2,"3":2,"4":2,"5":2,"6":2,"7":2,"8":1,"9":2,"10":2,"11":2,"12":2,"13":1,"14":1,"15":1,"16":1},"b":{"1":[2,1,1,1],"2":[1,1,1,1],"3":[1,1],"4":[2,2],"5":[1,1]},"f":{"1":2,"2":2,"3":2},"fnMap":{"1":{"name":"(anonymous_1)","line":12,"loc":{"start":{"line":12,"column":1},"end":{"line":12,"column":13}}},"2":{"name":"(anonymous_2)","line":19,"loc":{"start":{"line":19,"column":5},"end":{"line":19,"column":17}}},"3":{"name":"(anonymous_3)","line":23,"loc":{"start":{"line":23,"column":24},"end":{"line":23,"column":36}}}},"statementMap":{"1":{"start":{"line":12,"column":0},"end":{"line":53,"column":5}},"2":{"start":{"line":14,"column":4},"end":{"line":14,"column":14}},"3":{"start":{"line":19,"column":4},"end":{"line":52,"column":9}},"4":{"start":{"line":21,"column":8},"end":{"line":21,"column":19}},"5":{"start":{"line":23,"column":8},"end":{"line":35,"column":13}},"6":{"start":{"line":24,"column":12},"end":{"line":34,"column":13}},"7":{"start":{"line":25,"column":16},"end":{"line":28,"column":30}},"8":{"start":{"line":30,"column":16},"end":{"line":33,"column":27}},"9":{"start":{"line":37,"column":8},"end":{"line":39,"column":21}},"10":{"start":{"line":41,"column":8},"end":{"line":41,"column":54}},"11":{"start":{"line":43,"column":8},"end":{"line":43,"column":51}},"12":{"start":{"line":45,"column":8},"end":{"line":51,"column":9}},"13":{"start":{"line":46,"column":12},"end":{"line":46,"column":57}},"14":{"start":{"line":48,"column":12},"end":{"line":48,"column":35}},"15":{"start":{"line":49,"column":12},"end":{"line":49,"column":49}},"16":{"start":{"line":50,"column":12},"end":{"line":50,"column":43}}},"branchMap":{"1":{"line":25,"type":"binary-expr","locations":[{"start":{"line":25,"column":23},"end":{"line":25,"column":62}},{"start":{"line":26,"column":20},"end":{"line":26,"column":70}},{"start":{"line":27,"column":20},"end":{"line":27,"column":71}},{"start":{"line":28,"column":20},"end":{"line":28,"column":29}}]},"2":{"line":30,"type":"binary-expr","locations":[{"start":{"line":30,"column":23},"end":{"line":30,"column":37}},{"start":{"line":31,"column":20},"end":{"line":31,"column":61}},{"start":{"line":32,"column":20},"end":{"line":32,"column":70}},{"start":{"line":33,"column":20},"end":{"line":33,"column":26}}]},"3":{"line":37,"type":"cond-expr","locations":[{"start":{"line":38,"column":14},"end":{"line":38,"column":20}},{"start":{"line":39,"column":14},"end":{"line":39,"column":20}}]},"4":{"line":41,"type":"binary-expr","locations":[{"start":{"line":41,"column":16},"end":{"line":41,"column":44}},{"start":{"line":41,"column":48},"end":{"line":41,"column":53}}]},"5":{"line":45,"type":"if","locations":[{"start":{"line":45,"column":8},"end":{"line":45,"column":8}},{"start":{"line":45,"column":8},"end":{"line":45,"column":8}}]}},"code":["/* istanbul instrument in package npmtest_big_js */","/*jslint","    bitwise: true,","    browser: true,","    maxerr: 8,","    maxlen: 96,","    node: true,","    nomen: true,","    regexp: true,","    stupid: true","*/","(function () {","    'use strict';","    var local;","","","","    // run shared js-env code - init-before","    (function () {","        // init local","        local = {};","        // init modeJs","        local.modeJs = (function () {","            try {","                return typeof navigator.userAgent === 'string' &&","                    typeof document.querySelector('body') === 'object' &&","                    typeof XMLHttpRequest.prototype.open === 'function' &&","                    'browser';","            } catch (errorCaughtBrowser) {","                return module.exports &&","                    typeof process.versions.node === 'string' &&","                    typeof require('http').createServer === 'function' &&","                    'node';","            }","        }());","        // init global","        local.global = local.modeJs === 'browser'","            ? window","            : global;","        // init utility2_rollup","        local = local.global.utility2_rollup || local;","        // init lib","        local.local = local.npmtest_big_js = local;","        // init exports","        if (local.modeJs === 'browser') {","            local.global.utility2_npmtest_big_js = local;","        } else {","            module.exports = local;","            module.exports.__dirname = __dirname;","            module.exports.module = module;","        }","    }());","}());",""],"l":{"12":2,"14":2,"19":2,"21":2,"23":2,"24":2,"25":2,"30":1,"37":2,"41":2,"43":2,"45":2,"46":1,"48":1,"49":1,"50":1}},"/home/travis/build/npmtest/node-npmtest-big.js/example.js":{"path":"/home/travis/build/npmtest/node-npmtest-big.js/example.js","s":{"1":2,"2":2,"3":2,"4":2,"5":2,"6":2,"7":2,"8":1,"9":2,"10":2,"11":2,"12":2,"13":1,"14":2,"15":2,"16":2,"17":2,"18":2,"19":0,"20":2,"21":1,"22":1,"23":1,"24":1,"25":1,"26":0,"27":0,"28":1,"29":1,"30":2,"31":0,"32":0,"33":0,"34":1,"35":2,"36":2,"37":3,"38":3,"39":3,"40":3,"41":0,"42":3,"43":3,"44":3,"45":1,"46":3,"47":1,"48":1,"49":1,"50":1,"51":1,"52":1,"53":1,"54":1,"55":1,"56":1,"57":0,"58":1,"59":6,"60":6,"61":1,"62":2,"63":0,"64":2,"65":1,"66":1,"67":0,"68":0,"69":0,"70":0,"71":0,"72":0,"73":0,"74":0,"75":0,"76":0,"77":0,"78":0,"79":0,"80":0,"81":0,"82":0,"83":0},"b":{"1":[2,1,1,1],"2":[1,1,1,1],"3":[1,1],"4":[2,2],"5":[1,1],"6":[1,1],"7":[2,0],"8":[2,1,1,1,1,1],"9":[0,2,0],"10":[1,1],"11":[2,1,1],"12":[1,0],"13":[0,2],"14":[2,0,0,0,0,0,0],"15":[0,3],"16":[3,0],"17":[1,1],"18":[0,1],"19":[1,2,0,2],"20":[1,0],"21":[1,1],"22":[0,0],"23":[0,0],"24":[0,0],"25":[0,0],"26":[0,0],"27":[0,0],"28":[0,0]},"f":{"1":2,"2":2,"3":2,"4":2,"5":2,"6":2,"7":3,"8":3,"9":3,"10":1,"11":6,"12":0},"fnMap":{"1":{"name":"(anonymous_1)","line":26,"loc":{"start":{"line":26,"column":1},"end":{"line":26,"column":13}}},"2":{"name":"(anonymous_2)","line":33,"loc":{"start":{"line":33,"column":5},"end":{"line":33,"column":17}}},"3":{"name":"(anonymous_3)","line":37,"loc":{"start":{"line":37,"column":24},"end":{"line":37,"column":36}}},"4":{"name":"(anonymous_4)","line":69,"loc":{"start":{"line":69,"column":31},"end":{"line":69,"column":48}},"skip":true},"5":{"name":"(anonymous_5)","line":78,"loc":{"start":{"line":78,"column":26},"end":{"line":78,"column":45}},"skip":true},"6":{"name":"(anonymous_6)","line":123,"loc":{"start":{"line":123,"column":33},"end":{"line":123,"column":48}},"skip":true},"7":{"name":"(anonymous_7)","line":125,"loc":{"start":{"line":125,"column":27},"end":{"line":125,"column":39}},"skip":true},"8":{"name":"(anonymous_8)","line":133,"loc":{"start":{"line":133,"column":59},"end":{"line":133,"column":74}},"skip":true},"9":{"name":"(anonymous_9)","line":143,"loc":{"start":{"line":143,"column":45},"end":{"line":143,"column":62}},"skip":true},"10":{"name":"(anonymous_10)","line":144,"loc":{"start":{"line":144,"column":73},"end":{"line":144,"column":92}},"skip":true},"11":{"name":"(anonymous_11)","line":272,"loc":{"start":{"line":272,"column":51},"end":{"line":272,"column":77}},"skip":true},"12":{"name":"(anonymous_12)","line":315,"loc":{"start":{"line":315,"column":32},"end":{"line":315,"column":61}},"skip":true}},"statementMap":{"1":{"start":{"line":26,"column":0},"end":{"line":326,"column":5}},"2":{"start":{"line":28,"column":4},"end":{"line":28,"column":14}},"3":{"start":{"line":33,"column":4},"end":{"line":60,"column":9}},"4":{"start":{"line":35,"column":8},"end":{"line":35,"column":19}},"5":{"start":{"line":37,"column":8},"end":{"line":49,"column":13}},"6":{"start":{"line":38,"column":12},"end":{"line":48,"column":13}},"7":{"start":{"line":39,"column":16},"end":{"line":42,"column":30}},"8":{"start":{"line":44,"column":16},"end":{"line":47,"column":27}},"9":{"start":{"line":51,"column":8},"end":{"line":53,"column":21}},"10":{"start":{"line":55,"column":8},"end":{"line":57,"column":45}},"11":{"start":{"line":59,"column":8},"end":{"line":59,"column":35}},"12":{"start":{"line":61,"column":4},"end":{"line":325,"column":5}},"13":{"start":{"line":69,"column":8},"end":{"line":121,"column":10},"skip":true},"14":{"start":{"line":70,"column":12},"end":{"line":88,"column":13},"skip":true},"15":{"start":{"line":76,"column":16},"end":{"line":87,"column":19},"skip":true},"16":{"start":{"line":79,"column":20},"end":{"line":86,"column":21},"skip":true},"17":{"start":{"line":82,"column":24},"end":{"line":82,"column":43},"skip":true},"18":{"start":{"line":83,"column":24},"end":{"line":83,"column":30},"skip":true},"19":{"start":{"line":85,"column":24},"end":{"line":85,"column":49},"skip":true},"20":{"start":{"line":89,"column":12},"end":{"line":107,"column":13},"skip":true},"21":{"start":{"line":92,"column":16},"end":{"line":102,"column":17},"skip":true},"22":{"start":{"line":93,"column":20},"end":{"line":93,"column":86},"skip":true},"23":{"start":{"line":94,"column":20},"end":{"line":95,"column":45},"skip":true},"24":{"start":{"line":96,"column":20},"end":{"line":96,"column":42},"skip":true},"25":{"start":{"line":97,"column":20},"end":{"line":97,"column":48},"skip":true},"26":{"start":{"line":100,"column":20},"end":{"line":100,"column":85},"skip":true},"27":{"start":{"line":101,"column":20},"end":{"line":101,"column":96},"skip":true},"28":{"start":{"line":103,"column":16},"end":{"line":103,"column":22},"skip":true},"29":{"start":{"line":106,"column":16},"end":{"line":106,"column":22},"skip":true},"30":{"start":{"line":108,"column":12},"end":{"line":120,"column":13},"skip":true},"31":{"start":{"line":114,"column":16},"end":{"line":119,"column":17},"skip":true},"32":{"start":{"line":116,"column":20},"end":{"line":116,"column":78},"skip":true},"33":{"start":{"line":118,"column":20},"end":{"line":118,"column":47},"skip":true},"34":{"start":{"line":123,"column":8},"end":{"line":141,"column":11},"skip":true},"35":{"start":{"line":124,"column":12},"end":{"line":124,"column":54},"skip":true},"36":{"start":{"line":125,"column":12},"end":{"line":140,"column":14},"skip":true},"37":{"start":{"line":126,"column":16},"end":{"line":126,"column":28},"skip":true},"38":{"start":{"line":127,"column":16},"end":{"line":127,"column":69},"skip":true},"39":{"start":{"line":128,"column":16},"end":{"line":128,"column":75},"skip":true},"40":{"start":{"line":129,"column":16},"end":{"line":131,"column":17},"skip":true},"41":{"start":{"line":130,"column":20},"end":{"line":130,"column":27},"skip":true},"42":{"start":{"line":133,"column":16},"end":{"line":137,"column":36},"skip":true},"43":{"start":{"line":134,"column":20},"end":{"line":136,"column":55},"skip":true},"44":{"start":{"line":139,"column":16},"end":{"line":139,"column":57},"skip":true},"45":{"start":{"line":143,"column":8},"end":{"line":147,"column":11},"skip":true},"46":{"start":{"line":144,"column":12},"end":{"line":146,"column":15},"skip":true},"47":{"start":{"line":145,"column":16},"end":{"line":145,"column":70},"skip":true},"48":{"start":{"line":149,"column":8},"end":{"line":149,"column":31},"skip":true},"49":{"start":{"line":150,"column":8},"end":{"line":150,"column":14},"skip":true},"50":{"start":{"line":158,"column":8},"end":{"line":158,"column":31},"skip":true},"51":{"start":{"line":160,"column":8},"end":{"line":160,"column":33},"skip":true},"52":{"start":{"line":161,"column":8},"end":{"line":161,"column":37},"skip":true},"53":{"start":{"line":162,"column":8},"end":{"line":162,"column":35},"skip":true},"54":{"start":{"line":164,"column":8},"end":{"line":164,"column":50},"skip":true},"55":{"start":{"line":166,"column":8},"end":{"line":256,"column":2},"skip":true},"56":{"start":{"line":258,"column":8},"end":{"line":286,"column":9},"skip":true},"57":{"start":{"line":259,"column":12},"end":{"line":269,"column":14},"skip":true},"58":{"start":{"line":271,"column":12},"end":{"line":285,"column":19},"skip":true},"59":{"start":{"line":274,"column":20},"end":{"line":274,"column":35},"skip":true},"60":{"start":{"line":275,"column":20},"end":{"line":284,"column":21},"skip":true},"61":{"start":{"line":277,"column":24},"end":{"line":277,"column":64},"skip":true},"62":{"start":{"line":279,"column":24},"end":{"line":279,"column":40},"skip":true},"63":{"start":{"line":281,"column":24},"end":{"line":281,"column":40},"skip":true},"64":{"start":{"line":283,"column":24},"end":{"line":283,"column":39},"skip":true},"65":{"start":{"line":288,"column":8},"end":{"line":290,"column":9},"skip":true},"66":{"start":{"line":289,"column":12},"end":{"line":289,"column":18},"skip":true},"67":{"start":{"line":291,"column":8},"end":{"line":293,"column":54},"skip":true},"68":{"start":{"line":296,"column":8},"end":{"line":301,"column":37},"skip":true},"69":{"start":{"line":303,"column":8},"end":{"line":303,"column":82},"skip":true},"70":{"start":{"line":306,"column":8},"end":{"line":308,"column":9},"skip":true},"71":{"start":{"line":307,"column":12},"end":{"line":307,"column":82},"skip":true},"72":{"start":{"line":310,"column":8},"end":{"line":312,"column":9},"skip":true},"73":{"start":{"line":311,"column":12},"end":{"line":311,"column":18},"skip":true},"74":{"start":{"line":313,"column":8},"end":{"line":313,"column":54},"skip":true},"75":{"start":{"line":314,"column":8},"end":{"line":314,"column":69},"skip":true},"76":{"start":{"line":315,"column":8},"end":{"line":323,"column":36},"skip":true},"77":{"start":{"line":316,"column":12},"end":{"line":316,"column":61},"skip":true},"78":{"start":{"line":317,"column":12},"end":{"line":320,"column":13},"skip":true},"79":{"start":{"line":318,"column":16},"end":{"line":318,"column":75},"skip":true},"80":{"start":{"line":319,"column":16},"end":{"line":319,"column":23},"skip":true},"81":{"start":{"line":321,"column":12},"end":{"line":321,"column":38},"skip":true},"82":{"start":{"line":322,"column":12},"end":{"line":322,"column":27},"skip":true},"83":{"start":{"line":324,"column":8},"end":{"line":324,"column":14},"skip":true}},"branchMap":{"1":{"line":39,"type":"binary-expr","locations":[{"start":{"line":39,"column":23},"end":{"line":39,"column":62}},{"start":{"line":40,"column":20},"end":{"line":40,"column":70}},{"start":{"line":41,"column":20},"end":{"line":41,"column":71}},{"start":{"line":42,"column":20},"end":{"line":42,"column":29}}]},"2":{"line":44,"type":"binary-expr","locations":[{"start":{"line":44,"column":23},"end":{"line":44,"column":37}},{"start":{"line":45,"column":20},"end":{"line":45,"column":61}},{"start":{"line":46,"column":20},"end":{"line":46,"column":70}},{"start":{"line":47,"column":20},"end":{"line":47,"column":26}}]},"3":{"line":51,"type":"cond-expr","locations":[{"start":{"line":52,"column":14},"end":{"line":52,"column":20}},{"start":{"line":53,"column":14},"end":{"line":53,"column":20}}]},"4":{"line":55,"type":"binary-expr","locations":[{"start":{"line":55,"column":16},"end":{"line":55,"column":44}},{"start":{"line":55,"column":49},"end":{"line":57,"column":43}}]},"5":{"line":55,"type":"cond-expr","locations":[{"start":{"line":56,"column":14},"end":{"line":56,"column":50}},{"start":{"line":57,"column":14},"end":{"line":57,"column":43}}]},"6":{"line":61,"type":"switch","locations":[{"start":{"line":68,"column":4},"end":{"line":150,"column":14},"skip":true},{"start":{"line":156,"column":4},"end":{"line":324,"column":14},"skip":true}]},"7":{"line":70,"type":"if","locations":[{"start":{"line":70,"column":12},"end":{"line":70,"column":12},"skip":true},{"start":{"line":70,"column":12},"end":{"line":70,"column":12},"skip":true}]},"8":{"line":70,"type":"binary-expr","locations":[{"start":{"line":70,"column":16},"end":{"line":70,"column":22},"skip":true},{"start":{"line":70,"column":27},"end":{"line":70,"column":32},"skip":true},{"start":{"line":71,"column":20},"end":{"line":71,"column":39},"skip":true},{"start":{"line":72,"column":20},"end":{"line":72,"column":49},"skip":true},{"start":{"line":73,"column":20},"end":{"line":73,"column":58},"skip":true},{"start":{"line":74,"column":20},"end":{"line":74,"column":69},"skip":true}]},"9":{"line":79,"type":"switch","locations":[{"start":{"line":80,"column":20},"end":{"line":80,"column":33},"skip":true},{"start":{"line":81,"column":20},"end":{"line":83,"column":30},"skip":true},{"start":{"line":84,"column":20},"end":{"line":85,"column":49},"skip":true}]},"10":{"line":89,"type":"switch","locations":[{"start":{"line":90,"column":12},"end":{"line":103,"column":22},"skip":true},{"start":{"line":105,"column":12},"end":{"line":106,"column":22},"skip":true}]},"11":{"line":89,"type":"binary-expr","locations":[{"start":{"line":89,"column":20},"end":{"line":89,"column":25},"skip":true},{"start":{"line":89,"column":29},"end":{"line":89,"column":48},"skip":true},{"start":{"line":89,"column":52},"end":{"line":89,"column":74},"skip":true}]},"12":{"line":92,"type":"if","locations":[{"start":{"line":92,"column":16},"end":{"line":92,"column":16},"skip":true},{"start":{"line":92,"column":16},"end":{"line":92,"column":16},"skip":true}]},"13":{"line":108,"type":"if","locations":[{"start":{"line":108,"column":12},"end":{"line":108,"column":12},"skip":true},{"start":{"line":108,"column":12},"end":{"line":108,"column":12},"skip":true}]},"14":{"line":108,"type":"binary-expr","locations":[{"start":{"line":108,"column":16},"end":{"line":108,"column":61},"skip":true},{"start":{"line":108,"column":66},"end":{"line":108,"column":72},"skip":true},{"start":{"line":108,"column":77},"end":{"line":108,"column":82},"skip":true},{"start":{"line":109,"column":20},"end":{"line":109,"column":39},"skip":true},{"start":{"line":110,"column":20},"end":{"line":110,"column":49},"skip":true},{"start":{"line":111,"column":20},"end":{"line":111,"column":58},"skip":true},{"start":{"line":112,"column":20},"end":{"line":112,"column":68},"skip":true}]},"15":{"line":129,"type":"if","locations":[{"start":{"line":129,"column":16},"end":{"line":129,"column":16},"skip":true},{"start":{"line":129,"column":16},"end":{"line":129,"column":16},"skip":true}]},"16":{"line":134,"type":"cond-expr","locations":[{"start":{"line":135,"column":26},"end":{"line":135,"column":29},"skip":true},{"start":{"line":136,"column":26},"end":{"line":136,"column":54},"skip":true}]},"17":{"line":164,"type":"binary-expr","locations":[{"start":{"line":164,"column":27},"end":{"line":164,"column":43},"skip":true},{"start":{"line":164,"column":47},"end":{"line":164,"column":49},"skip":true}]},"18":{"line":258,"type":"if","locations":[{"start":{"line":258,"column":8},"end":{"line":258,"column":8},"skip":true},{"start":{"line":258,"column":8},"end":{"line":258,"column":8},"skip":true}]},"19":{"line":275,"type":"switch","locations":[{"start":{"line":276,"column":20},"end":{"line":277,"column":64},"skip":true},{"start":{"line":278,"column":20},"end":{"line":279,"column":40},"skip":true},{"start":{"line":280,"column":20},"end":{"line":281,"column":40},"skip":true},{"start":{"line":282,"column":20},"end":{"line":283,"column":39},"skip":true}]},"20":{"line":288,"type":"if","locations":[{"start":{"line":288,"column":8},"end":{"line":288,"column":8},"skip":true},{"start":{"line":288,"column":8},"end":{"line":288,"column":8},"skip":true}]},"21":{"line":288,"type":"binary-expr","locations":[{"start":{"line":288,"column":12},"end":{"line":288,"column":40},"skip":true},{"start":{"line":288,"column":44},"end":{"line":288,"column":67},"skip":true}]},"22":{"line":292,"type":"binary-expr","locations":[{"start":{"line":292,"column":12},"end":{"line":292,"column":50},"skip":true},{"start":{"line":293,"column":12},"end":{"line":293,"column":53},"skip":true}]},"23":{"line":297,"type":"binary-expr","locations":[{"start":{"line":297,"column":12},"end":{"line":297,"column":64},"skip":true},{"start":{"line":298,"column":12},"end":{"line":301,"column":36},"skip":true}]},"24":{"line":303,"type":"binary-expr","locations":[{"start":{"line":303,"column":43},"end":{"line":303,"column":75},"skip":true},{"start":{"line":303,"column":79},"end":{"line":303,"column":81},"skip":true}]},"25":{"line":306,"type":"if","locations":[{"start":{"line":306,"column":8},"end":{"line":306,"column":8},"skip":true},{"start":{"line":306,"column":8},"end":{"line":306,"column":8},"skip":true}]},"26":{"line":310,"type":"if","locations":[{"start":{"line":310,"column":8},"end":{"line":310,"column":8},"skip":true},{"start":{"line":310,"column":8},"end":{"line":310,"column":8},"skip":true}]},"27":{"line":313,"type":"binary-expr","locations":[{"start":{"line":313,"column":27},"end":{"line":313,"column":43},"skip":true},{"start":{"line":313,"column":47},"end":{"line":313,"column":53},"skip":true}]},"28":{"line":317,"type":"if","locations":[{"start":{"line":317,"column":12},"end":{"line":317,"column":12},"skip":true},{"start":{"line":317,"column":12},"end":{"line":317,"column":12},"skip":true}]}},"code":["/*","example.js","","quickstart example","","instruction","    1. save this script as example.js","    2. run the shell command:","        $ npm install npmtest-big.js && PORT=8081 node example.js","    3. play with the browser-demo on http://127.0.0.1:8081","*/","","","","/* istanbul instrument in package npmtest_big_js */","/*jslint","    bitwise: true,","    browser: true,","    maxerr: 8,","    maxlen: 96,","    node: true,","    nomen: true,","    regexp: true,","    stupid: true","*/","(function () {","    'use strict';","    var local;","","","","    // run shared js-env code - init-before","    (function () {","        // init local","        local = {};","        // init modeJs","        local.modeJs = (function () {","            try {","                return typeof navigator.userAgent === 'string' &&","                    typeof document.querySelector('body') === 'object' &&","                    typeof XMLHttpRequest.prototype.open === 'function' &&","                    'browser';","            } catch (errorCaughtBrowser) {","                return module.exports &&","                    typeof process.versions.node === 'string' &&","                    typeof require('http').createServer === 'function' &&","                    'node';","            }","        }());","        // init global","        local.global = local.modeJs === 'browser'","            ? window","            : global;","        // init utility2_rollup","        local = local.global.utility2_rollup || (local.modeJs === 'browser'","            ? local.global.utility2_npmtest_big_js","            : global.utility2_moduleExports);","        // export local","        local.global.local = local;","    }());","    switch (local.modeJs) {","","","","    // init-after","    // run browser js-env code - init-after","    /* istanbul ignore next */","    case 'browser':","        local.testRunBrowser = function (event) {","            if (!event || (event &&","                    event.currentTarget &&","                    event.currentTarget.className &&","                    event.currentTarget.className.includes &&","                    event.currentTarget.className.includes('onreset'))) {","                // reset output","                Array.from(","                    document.querySelectorAll('body > .resettable')","                ).forEach(function (element) {","                    switch (element.tagName) {","                    case 'INPUT':","                    case 'TEXTAREA':","                        element.value = '';","                        break;","                    default:","                        element.textContent = '';","                    }","                });","            }","            switch (event && event.currentTarget && event.currentTarget.id) {","            case 'testRunButton1':","                // show tests","                if (document.querySelector('#testReportDiv1').style.display === 'none') {","                    document.querySelector('#testReportDiv1').style.display = 'block';","                    document.querySelector('#testRunButton1').textContent =","                        'hide internal test';","                    local.modeTest = true;","                    local.testRunDefault(local);","                // hide tests","                } else {","                    document.querySelector('#testReportDiv1').style.display = 'none';","                    document.querySelector('#testRunButton1').textContent = 'run internal test';","                }","                break;","            // custom-case","            default:","                break;","            }","            if (document.querySelector('#inputTextareaEval1') && (!event || (event &&","                    event.currentTarget &&","                    event.currentTarget.className &&","                    event.currentTarget.className.includes &&","                    event.currentTarget.className.includes('oneval')))) {","                // try to eval input-code","                try {","                    /*jslint evil: true*/","                    eval(document.querySelector('#inputTextareaEval1').value);","                } catch (errorCaught) {","                    console.error(errorCaught);","                }","            }","        };","        // log stderr and stdout to #outputTextareaStdout1","        ['error', 'log'].forEach(function (key) {","            console[key + '_original'] = console[key];","            console[key] = function () {","                var element;","                console[key + '_original'].apply(console, arguments);","                element = document.querySelector('#outputTextareaStdout1');","                if (!element) {","                    return;","                }","                // append text to #outputTextareaStdout1","                element.value += Array.from(arguments).map(function (arg) {","                    return typeof arg === 'string'","                        ? arg","                        : JSON.stringify(arg, null, 4);","                }).join(' ') + '\\n';","                // scroll textarea to bottom","                element.scrollTop = element.scrollHeight;","            };","        });","        // init event-handling","        ['change', 'click', 'keyup'].forEach(function (event) {","            Array.from(document.querySelectorAll('.on' + event)).forEach(function (element) {","                element.addEventListener(event, local.testRunBrowser);","            });","        });","        // run tests","        local.testRunBrowser();","        break;","","","","    // run node js-env code - init-after","    /* istanbul ignore next */","    case 'node':","        // export local","        module.exports = local;","        // require modules","        local.fs = require('fs');","        local.http = require('http');","        local.url = require('url');","        // init assets","        local.assetsDict = local.assetsDict || {};","        /* jslint-ignore-begin */","        local.assetsDict['/assets.index.template.html'] = '\\","<!doctype html>\\n\\","<html lang=\"en\">\\n\\","<head>\\n\\","<meta charset=\"UTF-8\">\\n\\","<meta name=\"viewport\" content=\"width=device-width, initial-scale=1\">\\n\\","<title>{{env.npm_package_name}} (v{{env.npm_package_version}})</title>\\n\\","<style>\\n\\","/*csslint\\n\\","    box-sizing: false,\\n\\","    universal-selector: false\\n\\","*/\\n\\","* {\\n\\","    box-sizing: border-box;\\n\\","}\\n\\","body {\\n\\","    background: #dde;\\n\\","    font-family: Arial, Helvetica, sans-serif;\\n\\","    margin: 2rem;\\n\\","}\\n\\","body > * {\\n\\","    margin-bottom: 1rem;\\n\\","}\\n\\",".utility2FooterDiv {\\n\\","    margin-top: 20px;\\n\\","    text-align: center;\\n\\","}\\n\\","</style>\\n\\","<style>\\n\\","/*csslint\\n\\","*/\\n\\","textarea {\\n\\","    font-family: monospace;\\n\\","    height: 10rem;\\n\\","    width: 100%;\\n\\","}\\n\\","textarea[readonly] {\\n\\","    background: #ddd;\\n\\","}\\n\\","</style>\\n\\","</head>\\n\\","<body>\\n\\","<!-- utility2-comment\\n\\","<div id=\"ajaxProgressDiv1\" style=\"background: #d00; height: 2px; left: 0; margin: 0; padding: 0; position: fixed; top: 0; transition: background 0.5s, width 1.5s; width: 25%;\"></div>\\n\\","utility2-comment -->\\n\\","<h1>\\n\\","<!-- utility2-comment\\n\\","    <a\\n\\","        {{#if env.npm_package_homepage}}\\n\\","        href=\"{{env.npm_package_homepage}}\"\\n\\","        {{/if env.npm_package_homepage}}\\n\\","        target=\"_blank\"\\n\\","    >\\n\\","utility2-comment -->\\n\\","        {{env.npm_package_name}} (v{{env.npm_package_version}})\\n\\","<!-- utility2-comment\\n\\","    </a>\\n\\","utility2-comment -->\\n\\","</h1>\\n\\","<h3>{{env.npm_package_description}}</h3>\\n\\","<!-- utility2-comment\\n\\","<h4><a download href=\"assets.app.js\">download standalone app</a></h4>\\n\\","<button class=\"onclick onreset\" id=\"testRunButton1\">run internal test</button><br>\\n\\","<div id=\"testReportDiv1\" style=\"display: none;\"></div>\\n\\","utility2-comment -->\\n\\","\\n\\","\\n\\","\\n\\","<label>stderr and stdout</label>\\n\\","<textarea class=\"resettable\" id=\"outputTextareaStdout1\" readonly></textarea>\\n\\","<!-- utility2-comment\\n\\","{{#if isRollup}}\\n\\","<script src=\"assets.app.js\"></script>\\n\\","{{#unless isRollup}}\\n\\","utility2-comment -->\\n\\","<script src=\"assets.utility2.rollup.js\"></script>\\n\\","<script src=\"jsonp.utility2._stateInit?callback=window.utility2._stateInit\"></script>\\n\\","<script src=\"assets.npmtest_big_js.rollup.js\"></script>\\n\\","<script src=\"assets.example.js\"></script>\\n\\","<script src=\"assets.test.js\"></script>\\n\\","<!-- utility2-comment\\n\\","{{/if isRollup}}\\n\\","utility2-comment -->\\n\\","<div class=\"utility2FooterDiv\">\\n\\","    [ this app was created with\\n\\","    <a href=\"https://github.com/kaizhu256/node-utility2\" target=\"_blank\">utility2</a>\\n\\","    ]\\n\\","</div>\\n\\","</body>\\n\\","</html>\\n\\","';","        /* jslint-ignore-end */","        if (local.templateRender) {","            local.assetsDict['/'] = local.templateRender(","                local.assetsDict['/assets.index.template.html'],","                {","                    env: local.objectSetDefault(local.env, {","                        npm_package_description: 'the greatest app in the world!',","                        npm_package_name: 'my-app',","                        npm_package_nameAlias: 'my_app',","                        npm_package_version: '0.0.1'","                    })","                }","            );","        } else {","            local.assetsDict['/'] = local.assetsDict['/assets.index.template.html']","                .replace((/\\{\\{env\\.(\\w+?)\\}\\}/g), function (match0, match1) {","                    // jslint-hack","                    String(match0);","                    switch (match1) {","                    case 'npm_package_description':","                        return 'the greatest app in the world!';","                    case 'npm_package_name':","                        return 'my-app';","                    case 'npm_package_nameAlias':","                        return 'my_app';","                    case 'npm_package_version':","                        return '0.0.1';","                    }","                });","        }","        // run the cli","        if (local.global.utility2_rollup || module !== require.main) {","            break;","        }","        local.assetsDict['/assets.example.js'] =","            local.assetsDict['/assets.example.js'] ||","            local.fs.readFileSync(__filename, 'utf8');","        // bug-workaround - long $npm_package_buildCustomOrg","        /* jslint-ignore-begin */","        local.assetsDict['/assets.npmtest_big_js.rollup.js'] =","            local.assetsDict['/assets.npmtest_big_js.rollup.js'] ||","            local.fs.readFileSync(","                local.npmtest_big_js.__dirname + '/lib.npmtest_big_js.js',","                'utf8'","            ).replace((/^#!/), '//');","        /* jslint-ignore-end */","        local.assetsDict['/favicon.ico'] = local.assetsDict['/favicon.ico'] || '';","        // if $npm_config_timeout_exit exists,","        // then exit this process after $npm_config_timeout_exit ms","        if (Number(process.env.npm_config_timeout_exit)) {","            setTimeout(process.exit, Number(process.env.npm_config_timeout_exit));","        }","        // start server","        if (local.global.utility2_serverHttp1) {","            break;","        }","        process.env.PORT = process.env.PORT || '8081';","        console.error('server starting on port ' + process.env.PORT);","        local.http.createServer(function (request, response) {","            request.urlParsed = local.url.parse(request.url);","            if (local.assetsDict[request.urlParsed.pathname] !== undefined) {","                response.end(local.assetsDict[request.urlParsed.pathname]);","                return;","            }","            response.statusCode = 404;","            response.end();","        }).listen(process.env.PORT);","        break;","    }","}());",""],"l":{"26":2,"28":2,"33":2,"35":2,"37":2,"38":2,"39":2,"44":1,"51":2,"55":2,"59":2,"61":2,"69":1,"70":2,"76":2,"79":2,"82":2,"83":2,"85":1,"89":2,"92":1,"93":1,"94":1,"96":1,"97":1,"100":1,"101":1,"103":1,"106":1,"108":2,"114":1,"116":1,"118":1,"123":1,"124":2,"125":2,"126":3,"127":3,"128":3,"129":3,"130":1,"133":3,"134":3,"139":3,"143":1,"144":3,"145":1,"149":1,"150":1,"158":1,"160":1,"161":1,"162":1,"164":1,"166":1,"258":1,"259":1,"271":1,"274":6,"275":6,"277":1,"279":2,"281":1,"283":2,"288":1,"289":1,"291":1,"296":1,"303":1,"306":1,"307":1,"310":1,"311":1,"313":1,"314":1,"315":1,"316":1,"317":1,"318":1,"319":1,"321":1,"322":1,"324":1}},"/home/travis/build/npmtest/node-npmtest-big.js/node_modules/big.js/big.js":{"path":"/home/travis/build/npmtest/node-npmtest-big.js/node_modules/big.js/big.js","s":{"1":1,"2":1,"3":1,"4":1,"5":0,"6":0,"7":0,"8":0,"9":0,"10":0,"11":0,"12":0,"13":0,"14":1,"15":1,"16":1,"17":1,"18":1,"19":1,"20":1,"21":0,"22":0,"23":0,"24":0,"25":0,"26":0,"27":0,"28":0,"29":0,"30":0,"31":0,"32":0,"33":1,"34":0,"35":0,"36":0,"37":0,"38":0,"39":0,"40":0,"41":0,"42":0,"43":0,"44":0,"45":0,"46":0,"47":0,"48":0,"49":0,"50":0,"51":0,"52":0,"53":0,"54":0,"55":0,"56":0,"57":1,"58":0,"59":0,"60":0,"61":0,"62":0,"63":0,"64":0,"65":0,"66":0,"67":0,"68":0,"69":0,"70":0,"71":0,"72":0,"73":0,"74":0,"75":0,"76":0,"77":0,"78":0,"79":0,"80":0,"81":0,"82":1,"83":0,"84":0,"85":0,"86":1,"87":0,"88":0,"89":0,"90":1,"91":0,"92":0,"93":0,"94":0,"95":0,"96":0,"97":0,"98":0,"99":0,"100":0,"101":0,"102":0,"103":0,"104":0,"105":1,"106":0,"107":0,"108":0,"109":0,"110":0,"111":0,"112":0,"113":0,"114":0,"115":0,"116":0,"117":0,"118":0,"119":0,"120":0,"121":0,"122":0,"123":0,"124":0,"125":0,"126":0,"127":0,"128":0,"129":0,"130":0,"131":0,"132":0,"133":0,"134":0,"135":0,"136":0,"137":0,"138":0,"139":0,"140":0,"141":0,"142":0,"143":0,"144":0,"145":0,"146":0,"147":0,"148":1,"149":0,"150":1,"151":0,"152":1,"153":0,"154":1,"155":0,"156":1,"157":0,"158":1,"159":0,"160":0,"161":0,"162":0,"163":0,"164":0,"165":0,"166":0,"167":0,"168":0,"169":0,"170":0,"171":0,"172":0,"173":0,"174":0,"175":0,"176":0,"177":0,"178":0,"179":0,"180":0,"181":0,"182":0,"183":0,"184":0,"185":0,"186":0,"187":0,"188":0,"189":0,"190":0,"191":0,"192":0,"193":0,"194":0,"195":0,"196":0,"197":0,"198":0,"199":0,"200":0,"201":0,"202":0,"203":1,"204":0,"205":0,"206":0,"207":0,"208":0,"209":0,"210":0,"211":0,"212":0,"213":0,"214":0,"215":0,"216":0,"217":0,"218":0,"219":0,"220":1,"221":0,"222":0,"223":0,"224":0,"225":0,"226":0,"227":0,"228":0,"229":0,"230":0,"231":0,"232":0,"233":0,"234":0,"235":0,"236":0,"237":0,"238":0,"239":0,"240":0,"241":0,"242":0,"243":0,"244":0,"245":0,"246":0,"247":0,"248":0,"249":0,"250":0,"251":0,"252":0,"253":1,"254":0,"255":0,"256":0,"257":0,"258":0,"259":0,"260":0,"261":0,"262":0,"263":0,"264":0,"265":0,"266":1,"267":0,"268":0,"269":0,"270":0,"271":0,"272":0,"273":0,"274":1,"275":0,"276":0,"277":0,"278":0,"279":0,"280":0,"281":0,"282":0,"283":0,"284":0,"285":0,"286":0,"287":0,"288":0,"289":0,"290":0,"291":0,"292":0,"293":0,"294":1,"295":0,"296":0,"297":0,"298":0,"299":0,"300":0,"301":0,"302":0,"303":0,"304":0,"305":0,"306":0,"307":0,"308":0,"309":0,"310":0,"311":0,"312":0,"313":0,"314":0,"315":0,"316":0,"317":0,"318":0,"319":0,"320":0,"321":0,"322":1,"323":0,"324":0,"325":0,"326":0,"327":0,"328":0,"329":0,"330":0,"331":0,"332":0,"333":0,"334":0,"335":0,"336":0,"337":1,"338":0,"339":0,"340":0,"341":0,"342":0,"343":1,"344":0,"345":0,"346":0,"347":0,"348":0,"349":0,"350":0,"351":0,"352":0,"353":0,"354":0,"355":0,"356":0,"357":1,"358":0,"359":0,"360":0,"361":0,"362":0,"363":1,"364":1,"365":0,"366":0,"367":1,"368":1,"369":0},"b":{"1":[0,0],"2":[0,0],"3":[0,0],"4":[0,0],"5":[0,0],"6":[0,0],"7":[0,0],"8":[0,0,0,0],"9":[0,0],"10":[0,0],"11":[0,0],"12":[0,0],"13":[0,0],"14":[0,0],"15":[0,0],"16":[0,0],"17":[0,0],"18":[0,0],"19":[0,0],"20":[0,0],"21":[0,0],"22":[0,0],"23":[0,0],"24":[0,0,0,0,0,0],"25":[0,0],"26":[0,0,0],"27":[0,0],"28":[0,0],"29":[0,0],"30":[0,0],"31":[0,0],"32":[0,0],"33":[0,0],"34":[0,0],"35":[0,0],"36":[0,0],"37":[0,0],"38":[0,0],"39":[0,0],"40":[0,0],"41":[0,0],"42":[0,0],"43":[0,0],"44":[0,0],"45":[0,0],"46":[0,0],"47":[0,0,0],"48":[0,0],"49":[0,0],"50":[0,0],"51":[0,0],"52":[0,0],"53":[0,0],"54":[0,0],"55":[0,0],"56":[0,0],"57":[0,0],"58":[0,0],"59":[0,0],"60":[0,0],"61":[0,0],"62":[0,0],"63":[0,0],"64":[0,0,0],"65":[0,0],"66":[0,0],"67":[0,0],"68":[0,0],"69":[0,0],"70":[0,0],"71":[0,0],"72":[0,0],"73":[0,0],"74":[0,0],"75":[0,0],"76":[0,0],"77":[0,0],"78":[0,0],"79":[0,0],"80":[0,0],"81":[0,0],"82":[0,0],"83":[0,0],"84":[0,0],"85":[0,0],"86":[0,0],"87":[0,0],"88":[0,0],"89":[0,0],"90":[0,0],"91":[0,0],"92":[0,0],"93":[0,0],"94":[0,0,0],"95":[0,0],"96":[0,0],"97":[0,0],"98":[0,0],"99":[0,0],"100":[0,0],"101":[0,0,0],"102":[0,0],"103":[0,0],"104":[0,0],"105":[0,0],"106":[0,0],"107":[0,0],"108":[0,0],"109":[0,0],"110":[0,0],"111":[0,0],"112":[0,0],"113":[0,0],"114":[0,0],"115":[0,0],"116":[0,0],"117":[0,0],"118":[0,0],"119":[0,0],"120":[0,0],"121":[0,0],"122":[0,0],"123":[0,0],"124":[0,0],"125":[0,0],"126":[0,0],"127":[0,0],"128":[0,0,0],"129":[0,0],"130":[0,0],"131":[0,0,0],"132":[0,0],"133":[0,0,0],"134":[0,0],"135":[0,0],"136":[0,0],"137":[0,0,0],"138":[0,1],"139":[1,0],"140":[1,0],"141":[1,1]},"f":{"1":1,"2":1,"3":0,"4":0,"5":0,"6":0,"7":0,"8":0,"9":0,"10":0,"11":0,"12":0,"13":0,"14":0,"15":0,"16":0,"17":0,"18":0,"19":0,"20":0,"21":0,"22":0,"23":0,"24":0,"25":0,"26":0,"27":0},"fnMap":{"1":{"name":"(anonymous_1)","line":2,"loc":{"start":{"line":2,"column":2},"end":{"line":2,"column":20}}},"2":{"name":"bigFactory","line":68,"loc":{"start":{"line":68,"column":4},"end":{"line":68,"column":26}}},"3":{"name":"Big","line":76,"loc":{"start":{"line":76,"column":8},"end":{"line":76,"column":24}}},"4":{"name":"format","line":121,"loc":{"start":{"line":121,"column":4},"end":{"line":121,"column":32}}},"5":{"name":"parse","line":175,"loc":{"start":{"line":175,"column":4},"end":{"line":175,"column":25}}},"6":{"name":"rnd","line":246,"loc":{"start":{"line":246,"column":4},"end":{"line":246,"column":34}}},"7":{"name":"throwErr","line":313,"loc":{"start":{"line":313,"column":4},"end":{"line":313,"column":31}}},"8":{"name":"(anonymous_8)","line":327,"loc":{"start":{"line":327,"column":12},"end":{"line":327,"column":24}}},"9":{"name":"(anonymous_9)","line":341,"loc":{"start":{"line":341,"column":12},"end":{"line":341,"column":25}}},"10":{"name":"(anonymous_10)","line":388,"loc":{"start":{"line":388,"column":12},"end":{"line":388,"column":25}}},"11":{"name":"(anonymous_11)","line":518,"loc":{"start":{"line":518,"column":11},"end":{"line":518,"column":24}}},"12":{"name":"(anonymous_12)","line":527,"loc":{"start":{"line":527,"column":11},"end":{"line":527,"column":24}}},"13":{"name":"(anonymous_13)","line":536,"loc":{"start":{"line":536,"column":12},"end":{"line":536,"column":25}}},"14":{"name":"(anonymous_14)","line":545,"loc":{"start":{"line":545,"column":11},"end":{"line":545,"column":24}}},"15":{"name":"(anonymous_15)","line":554,"loc":{"start":{"line":554,"column":12},"end":{"line":554,"column":25}}},"16":{"name":"(anonymous_16)","line":563,"loc":{"start":{"line":563,"column":22},"end":{"line":563,"column":35}}},"17":{"name":"(anonymous_17)","line":679,"loc":{"start":{"line":679,"column":12},"end":{"line":679,"column":25}}},"18":{"name":"(anonymous_18)","line":714,"loc":{"start":{"line":714,"column":21},"end":{"line":714,"column":34}}},"19":{"name":"(anonymous_19)","line":800,"loc":{"start":{"line":800,"column":12},"end":{"line":800,"column":25}}},"20":{"name":"(anonymous_20)","line":838,"loc":{"start":{"line":838,"column":14},"end":{"line":838,"column":32}}},"21":{"name":"(anonymous_21)","line":858,"loc":{"start":{"line":858,"column":13},"end":{"line":858,"column":25}}},"22":{"name":"(anonymous_22)","line":914,"loc":{"start":{"line":914,"column":22},"end":{"line":914,"column":35}}},"23":{"name":"(anonymous_23)","line":994,"loc":{"start":{"line":994,"column":40},"end":{"line":994,"column":52}}},"24":{"name":"(anonymous_24)","line":1052,"loc":{"start":{"line":1052,"column":22},"end":{"line":1052,"column":36}}},"25":{"name":"(anonymous_25)","line":1070,"loc":{"start":{"line":1070,"column":16},"end":{"line":1070,"column":30}}},"26":{"name":"(anonymous_26)","line":1111,"loc":{"start":{"line":1111,"column":20},"end":{"line":1111,"column":34}}},"27":{"name":"(anonymous_27)","line":1130,"loc":{"start":{"line":1130,"column":15},"end":{"line":1130,"column":27}}}},"statementMap":{"1":{"start":{"line":2,"column":1},"end":{"line":1142,"column":9}},"2":{"start":{"line":21,"column":4},"end":{"line":61,"column":12}},"3":{"start":{"line":68,"column":4},"end":{"line":107,"column":5}},"4":{"start":{"line":76,"column":8},"end":{"line":98,"column":9}},"5":{"start":{"line":77,"column":12},"end":{"line":77,"column":25}},"6":{"start":{"line":80,"column":12},"end":{"line":82,"column":13}},"7":{"start":{"line":81,"column":16},"end":{"line":81,"column":64}},"8":{"start":{"line":85,"column":12},"end":{"line":91,"column":13}},"9":{"start":{"line":86,"column":16},"end":{"line":86,"column":26}},"10":{"start":{"line":87,"column":16},"end":{"line":87,"column":26}},"11":{"start":{"line":88,"column":16},"end":{"line":88,"column":34}},"12":{"start":{"line":90,"column":16},"end":{"line":90,"column":28}},"13":{"start":{"line":97,"column":12},"end":{"line":97,"column":32}},"14":{"start":{"line":100,"column":8},"end":{"line":100,"column":26}},"15":{"start":{"line":101,"column":8},"end":{"line":101,"column":20}},"16":{"start":{"line":102,"column":8},"end":{"line":102,"column":20}},"17":{"start":{"line":103,"column":8},"end":{"line":103,"column":26}},"18":{"start":{"line":104,"column":8},"end":{"line":104,"column":26}},"19":{"start":{"line":106,"column":8},"end":{"line":106,"column":19}},"20":{"start":{"line":121,"column":4},"end":{"line":166,"column":5}},"21":{"start":{"line":122,"column":8},"end":{"line":126,"column":20}},"22":{"start":{"line":129,"column":8},"end":{"line":131,"column":9}},"23":{"start":{"line":130,"column":12},"end":{"line":130,"column":30}},"24":{"start":{"line":133,"column":8},"end":{"line":144,"column":9}},"25":{"start":{"line":134,"column":12},"end":{"line":134,"column":16}},"26":{"start":{"line":135,"column":15},"end":{"line":144,"column":9}},"27":{"start":{"line":136,"column":12},"end":{"line":136,"column":19}},"28":{"start":{"line":140,"column":12},"end":{"line":140,"column":20}},"29":{"start":{"line":143,"column":12},"end":{"line":143,"column":28}},"30":{"start":{"line":147,"column":8},"end":{"line":148,"column":9}},"31":{"start":{"line":149,"column":8},"end":{"line":149,"column":16}},"32":{"start":{"line":157,"column":8},"end":{"line":165,"column":25}},"33":{"start":{"line":175,"column":4},"end":{"line":234,"column":5}},"34":{"start":{"line":176,"column":8},"end":{"line":176,"column":21}},"35":{"start":{"line":179,"column":8},"end":{"line":185,"column":9}},"36":{"start":{"line":180,"column":12},"end":{"line":180,"column":21}},"37":{"start":{"line":183,"column":15},"end":{"line":185,"column":9}},"38":{"start":{"line":184,"column":12},"end":{"line":184,"column":26}},"39":{"start":{"line":188,"column":8},"end":{"line":188,"column":60}},"40":{"start":{"line":191,"column":8},"end":{"line":193,"column":9}},"41":{"start":{"line":192,"column":12},"end":{"line":192,"column":35}},"42":{"start":{"line":196,"column":8},"end":{"line":209,"column":9}},"43":{"start":{"line":199,"column":12},"end":{"line":201,"column":13}},"44":{"start":{"line":200,"column":16},"end":{"line":200,"column":22}},"45":{"start":{"line":202,"column":12},"end":{"line":202,"column":33}},"46":{"start":{"line":203,"column":12},"end":{"line":203,"column":34}},"47":{"start":{"line":205,"column":15},"end":{"line":209,"column":9}},"48":{"start":{"line":208,"column":12},"end":{"line":208,"column":25}},"49":{"start":{"line":212,"column":8},"end":{"line":213,"column":9}},"50":{"start":{"line":215,"column":8},"end":{"line":231,"column":9}},"51":{"start":{"line":218,"column":12},"end":{"line":218,"column":30}},"52":{"start":{"line":222,"column":12},"end":{"line":223,"column":13}},"53":{"start":{"line":225,"column":12},"end":{"line":225,"column":28}},"54":{"start":{"line":226,"column":12},"end":{"line":226,"column":21}},"55":{"start":{"line":229,"column":12},"end":{"line":230,"column":13}},"56":{"start":{"line":233,"column":8},"end":{"line":233,"column":17}},"57":{"start":{"line":246,"column":4},"end":{"line":305,"column":5}},"58":{"start":{"line":247,"column":8},"end":{"line":249,"column":29}},"59":{"start":{"line":251,"column":8},"end":{"line":266,"column":9}},"60":{"start":{"line":254,"column":12},"end":{"line":254,"column":30}},"61":{"start":{"line":255,"column":15},"end":{"line":266,"column":9}},"62":{"start":{"line":256,"column":12},"end":{"line":257,"column":66}},"63":{"start":{"line":258,"column":15},"end":{"line":266,"column":9}},"64":{"start":{"line":259,"column":12},"end":{"line":259,"column":48}},"65":{"start":{"line":261,"column":12},"end":{"line":261,"column":25}},"66":{"start":{"line":263,"column":12},"end":{"line":265,"column":13}},"67":{"start":{"line":264,"column":16},"end":{"line":264,"column":37}},"68":{"start":{"line":268,"column":8},"end":{"line":302,"column":9}},"69":{"start":{"line":270,"column":12},"end":{"line":279,"column":13}},"70":{"start":{"line":273,"column":16},"end":{"line":273,"column":26}},"71":{"start":{"line":274,"column":16},"end":{"line":274,"column":26}},"72":{"start":{"line":278,"column":16},"end":{"line":278,"column":32}},"73":{"start":{"line":283,"column":12},"end":{"line":283,"column":28}},"74":{"start":{"line":286,"column":12},"end":{"line":297,"column":13}},"75":{"start":{"line":289,"column":16},"end":{"line":296,"column":17}},"76":{"start":{"line":290,"column":20},"end":{"line":290,"column":30}},"77":{"start":{"line":292,"column":20},"end":{"line":295,"column":21}},"78":{"start":{"line":293,"column":24},"end":{"line":293,"column":30}},"79":{"start":{"line":294,"column":24},"end":{"line":294,"column":38}},"80":{"start":{"line":300,"column":12},"end":{"line":301,"column":13}},"81":{"start":{"line":304,"column":8},"end":{"line":304,"column":17}},"82":{"start":{"line":313,"column":4},"end":{"line":318,"column":5}},"83":{"start":{"line":314,"column":8},"end":{"line":314,"column":37}},"84":{"start":{"line":315,"column":8},"end":{"line":315,"column":30}},"85":{"start":{"line":317,"column":8},"end":{"line":317,"column":18}},"86":{"start":{"line":327,"column":4},"end":{"line":332,"column":6}},"87":{"start":{"line":328,"column":8},"end":{"line":328,"column":43}},"88":{"start":{"line":329,"column":8},"end":{"line":329,"column":16}},"89":{"start":{"line":331,"column":8},"end":{"line":331,"column":17}},"90":{"start":{"line":341,"column":4},"end":{"line":380,"column":6}},"91":{"start":{"line":342,"column":8},"end":{"line":349,"column":20}},"92":{"start":{"line":352,"column":8},"end":{"line":354,"column":9}},"93":{"start":{"line":353,"column":12},"end":{"line":353,"column":48}},"94":{"start":{"line":357,"column":8},"end":{"line":359,"column":9}},"95":{"start":{"line":358,"column":12},"end":{"line":358,"column":21}},"96":{"start":{"line":360,"column":8},"end":{"line":360,"column":21}},"97":{"start":{"line":363,"column":8},"end":{"line":365,"column":9}},"98":{"start":{"line":364,"column":12},"end":{"line":364,"column":41}},"99":{"start":{"line":367,"column":8},"end":{"line":367,"column":15}},"100":{"start":{"line":368,"column":8},"end":{"line":368,"column":54}},"101":{"start":{"line":371,"column":8},"end":{"line":376,"column":9}},"102":{"start":{"line":373,"column":12},"end":{"line":375,"column":13}},"103":{"start":{"line":374,"column":16},"end":{"line":374,"column":53}},"104":{"start":{"line":379,"column":8},"end":{"line":379,"column":50}},"105":{"start":{"line":388,"column":4},"end":{"line":511,"column":6}},"106":{"start":{"line":389,"column":8},"end":{"line":396,"column":24}},"107":{"start":{"line":398,"column":8},"end":{"line":400,"column":9}},"108":{"start":{"line":399,"column":12},"end":{"line":399,"column":33}},"109":{"start":{"line":403,"column":8},"end":{"line":417,"column":9}},"110":{"start":{"line":406,"column":12},"end":{"line":408,"column":13}},"111":{"start":{"line":407,"column":16},"end":{"line":407,"column":30}},"112":{"start":{"line":411,"column":12},"end":{"line":413,"column":13}},"113":{"start":{"line":412,"column":16},"end":{"line":412,"column":32}},"114":{"start":{"line":416,"column":12},"end":{"line":416,"column":34}},"115":{"start":{"line":419,"column":8},"end":{"line":430,"column":48}},"116":{"start":{"line":432,"column":8},"end":{"line":432,"column":16}},"117":{"start":{"line":433,"column":8},"end":{"line":433,"column":36}},"118":{"start":{"line":436,"column":8},"end":{"line":436,"column":24}},"119":{"start":{"line":439,"column":8},"end":{"line":440,"column":9}},"120":{"start":{"line":442,"column":8},"end":{"line":495,"column":57}},"121":{"start":{"line":445,"column":12},"end":{"line":483,"column":13}},"122":{"start":{"line":448,"column":16},"end":{"line":459,"column":17}},"123":{"start":{"line":449,"column":20},"end":{"line":449,"column":47}},"124":{"start":{"line":452,"column":20},"end":{"line":458,"column":21}},"125":{"start":{"line":454,"column":24},"end":{"line":457,"column":25}},"126":{"start":{"line":455,"column":28},"end":{"line":455,"column":65}},"127":{"start":{"line":456,"column":28},"end":{"line":456,"column":34}},"128":{"start":{"line":462,"column":16},"end":{"line":482,"column":17}},"129":{"start":{"line":466,"column":20},"end":{"line":477,"column":21}},"130":{"start":{"line":468,"column":24},"end":{"line":475,"column":25}},"131":{"start":{"line":469,"column":28},"end":{"line":469,"column":40}},"132":{"start":{"line":471,"column":28},"end":{"line":472,"column":29}},"133":{"start":{"line":473,"column":28},"end":{"line":473,"column":40}},"134":{"start":{"line":474,"column":28},"end":{"line":474,"column":44}},"135":{"start":{"line":476,"column":24},"end":{"line":476,"column":48}},"136":{"start":{"line":478,"column":20},"end":{"line":479,"column":21}},"137":{"start":{"line":481,"column":20},"end":{"line":481,"column":26}},"138":{"start":{"line":486,"column":12},"end":{"line":486,"column":43}},"139":{"start":{"line":489,"column":12},"end":{"line":493,"column":13}},"140":{"start":{"line":490,"column":16},"end":{"line":490,"column":43}},"141":{"start":{"line":492,"column":16},"end":{"line":492,"column":36}},"142":{"start":{"line":498,"column":8},"end":{"line":503,"column":9}},"143":{"start":{"line":501,"column":12},"end":{"line":501,"column":23}},"144":{"start":{"line":502,"column":12},"end":{"line":502,"column":18}},"145":{"start":{"line":506,"column":8},"end":{"line":508,"column":9}},"146":{"start":{"line":507,"column":12},"end":{"line":507,"column":45}},"147":{"start":{"line":510,"column":8},"end":{"line":510,"column":17}},"148":{"start":{"line":518,"column":4},"end":{"line":520,"column":6}},"149":{"start":{"line":519,"column":8},"end":{"line":519,"column":28}},"150":{"start":{"line":527,"column":4},"end":{"line":529,"column":6}},"151":{"start":{"line":528,"column":8},"end":{"line":528,"column":31}},"152":{"start":{"line":536,"column":4},"end":{"line":538,"column":6}},"153":{"start":{"line":537,"column":8},"end":{"line":537,"column":32}},"154":{"start":{"line":545,"column":4},"end":{"line":547,"column":6}},"155":{"start":{"line":546,"column":8},"end":{"line":546,"column":31}},"156":{"start":{"line":554,"column":4},"end":{"line":556,"column":6}},"157":{"start":{"line":555,"column":9},"end":{"line":555,"column":32}},"158":{"start":{"line":563,"column":4},"end":{"line":672,"column":6}},"159":{"start":{"line":564,"column":8},"end":{"line":568,"column":35}},"160":{"start":{"line":571,"column":8},"end":{"line":574,"column":9}},"161":{"start":{"line":572,"column":12},"end":{"line":572,"column":21}},"162":{"start":{"line":573,"column":12},"end":{"line":573,"column":29}},"163":{"start":{"line":576,"column":8},"end":{"line":579,"column":21}},"164":{"start":{"line":582,"column":8},"end":{"line":586,"column":9}},"165":{"start":{"line":585,"column":12},"end":{"line":585,"column":66}},"166":{"start":{"line":590,"column":8},"end":{"line":616,"column":9}},"167":{"start":{"line":592,"column":12},"end":{"line":598,"column":13}},"168":{"start":{"line":593,"column":16},"end":{"line":593,"column":23}},"169":{"start":{"line":594,"column":16},"end":{"line":594,"column":23}},"170":{"start":{"line":596,"column":16},"end":{"line":596,"column":24}},"171":{"start":{"line":597,"column":16},"end":{"line":597,"column":23}},"172":{"start":{"line":600,"column":12},"end":{"line":600,"column":24}},"173":{"start":{"line":601,"column":12},"end":{"line":602,"column":13}},"174":{"start":{"line":603,"column":12},"end":{"line":603,"column":24}},"175":{"start":{"line":607,"column":12},"end":{"line":607,"column":66}},"176":{"start":{"line":609,"column":12},"end":{"line":615,"column":13}},"177":{"start":{"line":611,"column":16},"end":{"line":614,"column":17}},"178":{"start":{"line":612,"column":20},"end":{"line":612,"column":41}},"179":{"start":{"line":613,"column":20},"end":{"line":613,"column":26}},"180":{"start":{"line":619,"column":8},"end":{"line":624,"column":9}},"181":{"start":{"line":620,"column":12},"end":{"line":620,"column":19}},"182":{"start":{"line":621,"column":12},"end":{"line":621,"column":20}},"183":{"start":{"line":622,"column":12},"end":{"line":622,"column":19}},"184":{"start":{"line":623,"column":12},"end":{"line":623,"column":23}},"185":{"start":{"line":630,"column":8},"end":{"line":634,"column":9}},"186":{"start":{"line":632,"column":12},"end":{"line":633,"column":13}},"187":{"start":{"line":637,"column":8},"end":{"line":647,"column":9}},"188":{"start":{"line":639,"column":12},"end":{"line":645,"column":13}},"189":{"start":{"line":641,"column":16},"end":{"line":642,"column":17}},"190":{"start":{"line":643,"column":16},"end":{"line":643,"column":24}},"191":{"start":{"line":644,"column":16},"end":{"line":644,"column":28}},"192":{"start":{"line":646,"column":12},"end":{"line":646,"column":27}},"193":{"start":{"line":650,"column":8},"end":{"line":651,"column":9}},"194":{"start":{"line":654,"column":8},"end":{"line":657,"column":9}},"195":{"start":{"line":655,"column":12},"end":{"line":655,"column":23}},"196":{"start":{"line":656,"column":12},"end":{"line":656,"column":17}},"197":{"start":{"line":659,"column":8},"end":{"line":666,"column":9}},"198":{"start":{"line":662,"column":12},"end":{"line":662,"column":20}},"199":{"start":{"line":665,"column":12},"end":{"line":665,"column":26}},"200":{"start":{"line":668,"column":8},"end":{"line":668,"column":17}},"201":{"start":{"line":669,"column":8},"end":{"line":669,"column":17}},"202":{"start":{"line":671,"column":8},"end":{"line":671,"column":17}},"203":{"start":{"line":679,"column":4},"end":{"line":707,"column":6}},"204":{"start":{"line":680,"column":8},"end":{"line":684,"column":35}},"205":{"start":{"line":686,"column":8},"end":{"line":688,"column":9}},"206":{"start":{"line":687,"column":12},"end":{"line":687,"column":26}},"207":{"start":{"line":690,"column":8},"end":{"line":690,"column":22}},"208":{"start":{"line":691,"column":8},"end":{"line":691,"column":29}},"209":{"start":{"line":692,"column":8},"end":{"line":692,"column":16}},"210":{"start":{"line":693,"column":8},"end":{"line":693,"column":16}},"211":{"start":{"line":695,"column":8},"end":{"line":697,"column":9}},"212":{"start":{"line":696,"column":12},"end":{"line":696,"column":30}},"213":{"start":{"line":699,"column":8},"end":{"line":699,"column":19}},"214":{"start":{"line":700,"column":8},"end":{"line":700,"column":19}},"215":{"start":{"line":701,"column":8},"end":{"line":701,"column":28}},"216":{"start":{"line":702,"column":8},"end":{"line":702,"column":21}},"217":{"start":{"line":703,"column":8},"end":{"line":703,"column":19}},"218":{"start":{"line":704,"column":8},"end":{"line":704,"column":19}},"219":{"start":{"line":706,"column":8},"end":{"line":706,"column":40}},"220":{"start":{"line":714,"column":4},"end":{"line":790,"column":6}},"221":{"start":{"line":715,"column":8},"end":{"line":719,"column":35}},"222":{"start":{"line":722,"column":8},"end":{"line":725,"column":9}},"223":{"start":{"line":723,"column":12},"end":{"line":723,"column":21}},"224":{"start":{"line":724,"column":12},"end":{"line":724,"column":30}},"225":{"start":{"line":727,"column":8},"end":{"line":730,"column":21}},"226":{"start":{"line":733,"column":8},"end":{"line":737,"column":9}},"227":{"start":{"line":736,"column":12},"end":{"line":736,"column":58}},"228":{"start":{"line":738,"column":8},"end":{"line":738,"column":24}},"229":{"start":{"line":742,"column":8},"end":{"line":756,"column":9}},"230":{"start":{"line":744,"column":12},"end":{"line":750,"column":13}},"231":{"start":{"line":745,"column":16},"end":{"line":745,"column":24}},"232":{"start":{"line":746,"column":16},"end":{"line":746,"column":23}},"233":{"start":{"line":748,"column":16},"end":{"line":748,"column":23}},"234":{"start":{"line":749,"column":16},"end":{"line":749,"column":23}},"235":{"start":{"line":752,"column":12},"end":{"line":752,"column":24}},"236":{"start":{"line":753,"column":12},"end":{"line":754,"column":13}},"237":{"start":{"line":755,"column":12},"end":{"line":755,"column":24}},"238":{"start":{"line":759,"column":8},"end":{"line":763,"column":9}},"239":{"start":{"line":760,"column":12},"end":{"line":760,"column":19}},"240":{"start":{"line":761,"column":12},"end":{"line":761,"column":20}},"241":{"start":{"line":762,"column":12},"end":{"line":762,"column":19}},"242":{"start":{"line":764,"column":8},"end":{"line":764,"column":22}},"243":{"start":{"line":770,"column":8},"end":{"line":773,"column":9}},"244":{"start":{"line":771,"column":12},"end":{"line":771,"column":55}},"245":{"start":{"line":772,"column":12},"end":{"line":772,"column":24}},"246":{"start":{"line":777,"column":8},"end":{"line":780,"column":9}},"247":{"start":{"line":778,"column":12},"end":{"line":778,"column":26}},"248":{"start":{"line":779,"column":12},"end":{"line":779,"column":17}},"249":{"start":{"line":783,"column":8},"end":{"line":784,"column":9}},"250":{"start":{"line":786,"column":8},"end":{"line":786,"column":17}},"251":{"start":{"line":787,"column":8},"end":{"line":787,"column":17}},"252":{"start":{"line":789,"column":8},"end":{"line":789,"column":17}},"253":{"start":{"line":800,"column":4},"end":{"line":826,"column":6}},"254":{"start":{"line":801,"column":8},"end":{"line":804,"column":26}},"255":{"start":{"line":806,"column":8},"end":{"line":808,"column":9}},"256":{"start":{"line":807,"column":12},"end":{"line":807,"column":30}},"257":{"start":{"line":810,"column":8},"end":{"line":810,"column":27}},"258":{"start":{"line":812,"column":8},"end":{"line":823,"column":9}},"259":{"start":{"line":814,"column":12},"end":{"line":816,"column":13}},"260":{"start":{"line":815,"column":16},"end":{"line":815,"column":31}},"261":{"start":{"line":817,"column":12},"end":{"line":817,"column":20}},"262":{"start":{"line":819,"column":12},"end":{"line":821,"column":13}},"263":{"start":{"line":820,"column":16},"end":{"line":820,"column":22}},"264":{"start":{"line":822,"column":12},"end":{"line":822,"column":27}},"265":{"start":{"line":825,"column":8},"end":{"line":825,"column":38}},"266":{"start":{"line":838,"column":4},"end":{"line":850,"column":6}},"267":{"start":{"line":839,"column":8},"end":{"line":840,"column":32}},"268":{"start":{"line":842,"column":8},"end":{"line":846,"column":9}},"269":{"start":{"line":843,"column":12},"end":{"line":843,"column":19}},"270":{"start":{"line":844,"column":15},"end":{"line":846,"column":9}},"271":{"start":{"line":845,"column":12},"end":{"line":845,"column":32}},"272":{"start":{"line":847,"column":8},"end":{"line":847,"column":58}},"273":{"start":{"line":849,"column":8},"end":{"line":849,"column":17}},"274":{"start":{"line":858,"column":4},"end":{"line":907,"column":6}},"275":{"start":{"line":859,"column":8},"end":{"line":865,"column":34}},"276":{"start":{"line":868,"column":8},"end":{"line":870,"column":9}},"277":{"start":{"line":869,"column":12},"end":{"line":869,"column":30}},"278":{"start":{"line":873,"column":8},"end":{"line":875,"column":9}},"279":{"start":{"line":874,"column":12},"end":{"line":874,"column":26}},"280":{"start":{"line":878,"column":8},"end":{"line":878,"column":36}},"281":{"start":{"line":882,"column":8},"end":{"line":893,"column":9}},"282":{"start":{"line":883,"column":12},"end":{"line":883,"column":35}},"283":{"start":{"line":885,"column":12},"end":{"line":887,"column":13}},"284":{"start":{"line":886,"column":16},"end":{"line":886,"column":32}},"285":{"start":{"line":889,"column":12},"end":{"line":889,"column":58}},"286":{"start":{"line":890,"column":12},"end":{"line":890,"column":55}},"287":{"start":{"line":892,"column":12},"end":{"line":892,"column":38}},"288":{"start":{"line":895,"column":8},"end":{"line":895,"column":32}},"289":{"start":{"line":898,"column":8},"end":{"line":902,"column":50}},"290":{"start":{"line":899,"column":12},"end":{"line":899,"column":23}},"291":{"start":{"line":900,"column":12},"end":{"line":900,"column":59}},"292":{"start":{"line":904,"column":8},"end":{"line":904,"column":36}},"293":{"start":{"line":906,"column":8},"end":{"line":906,"column":17}},"294":{"start":{"line":914,"column":4},"end":{"line":985,"column":6}},"295":{"start":{"line":915,"column":8},"end":{"line":923,"column":20}},"296":{"start":{"line":926,"column":8},"end":{"line":926,"column":34}},"297":{"start":{"line":929,"column":8},"end":{"line":931,"column":9}},"298":{"start":{"line":930,"column":12},"end":{"line":930,"column":36}},"299":{"start":{"line":934,"column":8},"end":{"line":934,"column":20}},"300":{"start":{"line":937,"column":8},"end":{"line":944,"column":9}},"301":{"start":{"line":938,"column":12},"end":{"line":938,"column":19}},"302":{"start":{"line":939,"column":12},"end":{"line":939,"column":20}},"303":{"start":{"line":940,"column":12},"end":{"line":940,"column":19}},"304":{"start":{"line":941,"column":12},"end":{"line":941,"column":18}},"305":{"start":{"line":942,"column":12},"end":{"line":942,"column":18}},"306":{"start":{"line":943,"column":12},"end":{"line":943,"column":18}},"307":{"start":{"line":947,"column":8},"end":{"line":948,"column":9}},"308":{"start":{"line":953,"column":8},"end":{"line":967,"column":9}},"309":{"start":{"line":954,"column":12},"end":{"line":954,"column":18}},"310":{"start":{"line":957,"column":12},"end":{"line":965,"column":13}},"311":{"start":{"line":960,"column":16},"end":{"line":960,"column":53}},"312":{"start":{"line":961,"column":16},"end":{"line":961,"column":32}},"313":{"start":{"line":964,"column":16},"end":{"
[...]
","            } else {","                rem = [ dvd[dvdI] ];","            }","","        } while ((dvdI++ < dvdL || rem[0] !== u) && s--);","","        // Leading zero? Do not remove if result is simply zero (qi == 1).","        if (!qc[0] && qi != 1) {","","            // There can't be more than one zero.","            qc.shift();","            q.e--;","        }","","        // Round?","        if (qi > digits) {","            rnd(q, dp, Big.RM, rem[0] !== u);","        }","","        return q;","    };","","","    /*","     * Return true if the value of this Big is equal to the value of Big y,","     * otherwise returns false.","     */","    P.eq = function (y) {","        return !this.cmp(y);","    };","","","    /*","     * Return true if the value of this Big is greater than the value of Big y,","     * otherwise returns false.","     */","    P.gt = function (y) {","        return this.cmp(y) > 0;","    };","","","    /*","     * Return true if the value of this Big is greater than or equal to the","     * value of Big y, otherwise returns false.","     */","    P.gte = function (y) {","        return this.cmp(y) > -1;","    };","","","    /*","     * Return true if the value of this Big is less than the value of Big y,","     * otherwise returns false.","     */","    P.lt = function (y) {","        return this.cmp(y) < 0;","    };","","","    /*","     * Return true if the value of this Big is less than or equal to the value","     * of Big y, otherwise returns false.","     */","    P.lte = function (y) {","         return this.cmp(y) < 1;","    };","","","    /*","     * Return a new Big whose value is the value of this Big minus the value","     * of Big y.","     */","    P.sub = P.minus = function (y) {","        var i, j, t, xLTy,","            x = this,","            Big = x.constructor,","            a = x.s,","            b = (y = new Big(y)).s;","","        // Signs differ?","        if (a != b) {","            y.s = -b;","            return x.plus(y);","        }","","        var xc = x.c.slice(),","            xe = x.e,","            yc = y.c,","            ye = y.e;","","        // Either zero?","        if (!xc[0] || !yc[0]) {","","            // y is non-zero? x is non-zero? Or both are zero.","            return yc[0] ? (y.s = -b, y) : new Big(xc[0] ? x : 0);","        }","","        // Determine which is the bigger number.","        // Prepend zeros to equalise exponents.","        if (a = xe - ye) {","","            if (xLTy = a < 0) {","                a = -a;","                t = xc;","            } else {","                ye = xe;","                t = yc;","            }","","            t.reverse();","            for (b = a; b--; t.push(0)) {","            }","            t.reverse();","        } else {","","            // Exponents equal. Check digit by digit.","            j = ((xLTy = xc.length < yc.length) ? xc : yc).length;","","            for (a = b = 0; b < j; b++) {","","                if (xc[b] != yc[b]) {","                    xLTy = xc[b] < yc[b];","                    break;","                }","            }","        }","","        // x < y? Point xc to the array of the bigger number.","        if (xLTy) {","            t = xc;","            xc = yc;","            yc = t;","            y.s = -y.s;","        }","","        /*","         * Append zeros to xc if shorter. No need to add zeros to yc if shorter","         * as subtraction only needs to start at yc.length.","         */","        if (( b = (j = yc.length) - (i = xc.length) ) > 0) {","","            for (; b--; xc[i++] = 0) {","            }","        }","","        // Subtract yc from xc.","        for (b = i; j > a;){","","            if (xc[--j] < yc[j]) {","","                for (i = j; i && !xc[--i]; xc[i] = 9) {","                }","                --xc[i];","                xc[j] += 10;","            }","            xc[j] -= yc[j];","        }","","        // Remove trailing zeros.","        for (; xc[--b] === 0; xc.pop()) {","        }","","        // Remove leading zeros and adjust exponent accordingly.","        for (; xc[0] === 0;) {","            xc.shift();","            --ye;","        }","","        if (!xc[0]) {","","            // n - n = +0","            y.s = 1;","","            // Result must be zero.","            xc = [ye = 0];","        }","","        y.c = xc;","        y.e = ye;","","        return y;","    };","","","    /*","     * Return a new Big whose value is the value of this Big modulo the","     * value of Big y.","     */","    P.mod = function (y) {","        var yGTx,","            x = this,","            Big = x.constructor,","            a = x.s,","            b = (y = new Big(y)).s;","","        if (!y.c[0]) {","            throwErr(NaN);","        }","","        x.s = y.s = 1;","        yGTx = y.cmp(x) == 1;","        x.s = a;","        y.s = b;","","        if (yGTx) {","            return new Big(x);","        }","","        a = Big.DP;","        b = Big.RM;","        Big.DP = Big.RM = 0;","        x = x.div(y);","        Big.DP = a;","        Big.RM = b;","","        return this.minus( x.times(y) );","    };","","","    /*","     * Return a new Big whose value is the value of this Big plus the value","     * of Big y.","     */","    P.add = P.plus = function (y) {","        var t,","            x = this,","            Big = x.constructor,","            a = x.s,","            b = (y = new Big(y)).s;","","        // Signs differ?","        if (a != b) {","            y.s = -b;","            return x.minus(y);","        }","","        var xe = x.e,","            xc = x.c,","            ye = y.e,","            yc = y.c;","","        // Either zero?","        if (!xc[0] || !yc[0]) {","","            // y is non-zero? x is non-zero? Or both are zero.","            return yc[0] ? y : new Big(xc[0] ? x : a * 0);","        }","        xc = xc.slice();","","        // Prepend zeros to equalise exponents.","        // Note: Faster to use reverse then do unshifts.","        if (a = xe - ye) {","","            if (a > 0) {","                ye = xe;","                t = yc;","            } else {","                a = -a;","                t = xc;","            }","","            t.reverse();","            for (; a--; t.push(0)) {","            }","            t.reverse();","        }","","        // Point xc to the longer array.","        if (xc.length - yc.length < 0) {","            t = yc;","            yc = xc;","            xc = t;","        }","        a = yc.length;","","        /*","         * Only start adding at yc.length - 1 as the further digits of xc can be","         * left as they are.","         */","        for (b = 0; a;) {","            b = (xc[--a] = xc[a] + yc[a] + b) / 10 | 0;","            xc[a] %= 10;","        }","","        // No need to check for zero, as +x + +y != 0 && -x + -y != 0","","        if (b) {","            xc.unshift(b);","            ++ye;","        }","","         // Remove trailing zeros.","        for (a = xc.length; xc[--a] === 0; xc.pop()) {","        }","","        y.c = xc;","        y.e = ye;","","        return y;","    };","","","    /*","     * Return a Big whose value is the value of this Big raised to the power n.","     * If n is negative, round, if necessary, to a maximum of Big.DP decimal","     * places using rounding mode Big.RM.","     *","     * n {number} Integer, -MAX_POWER to MAX_POWER inclusive.","     */","    P.pow = function (n) {","        var x = this,","            one = new x.constructor(1),","            y = one,","            isNeg = n < 0;","","        if (n !== ~~n || n < -MAX_POWER || n > MAX_POWER) {","            throwErr('!pow!');","        }","","        n = isNeg ? -n : n;","","        for (;;) {","","            if (n & 1) {","                y = y.times(x);","            }","            n >>= 1;","","            if (!n) {","                break;","            }","            x = x.times(x);","        }","","        return isNeg ? one.div(y) : y;","    };","","","    /*","     * Return a new Big whose value is the value of this Big rounded to a","     * maximum of dp decimal places using rounding mode rm.","     * If dp is not specified, round to 0 decimal places.","     * If rm is not specified, use Big.RM.","     *","     * [dp] {number} Integer, 0 to MAX_DP inclusive.","     * [rm] 0, 1, 2 or 3 (ROUND_DOWN, ROUND_HALF_UP, ROUND_HALF_EVEN, ROUND_UP)","     */","    P.round = function (dp, rm) {","        var x = this,","            Big = x.constructor;","","        if (dp == null) {","            dp = 0;","        } else if (dp !== ~~dp || dp < 0 || dp > MAX_DP) {","            throwErr('!round!');","        }","        rnd(x = new Big(x), dp, rm == null ? Big.RM : rm);","","        return x;","    };","","","    /*","     * Return a new Big whose value is the square root of the value of this Big,","     * rounded, if necessary, to a maximum of Big.DP decimal places using","     * rounding mode Big.RM.","     */","    P.sqrt = function () {","        var estimate, r, approx,","            x = this,","            Big = x.constructor,","            xc = x.c,","            i = x.s,","            e = x.e,","            half = new Big('0.5');","","        // Zero?","        if (!xc[0]) {","            return new Big(x);","        }","","        // If negative, throw NaN.","        if (i < 0) {","            throwErr(NaN);","        }","","        // Estimate.","        i = Math.sqrt(x.toString());","","        // Math.sqrt underflow/overflow?","        // Pass x to Math.sqrt as integer, then adjust the result exponent.","        if (i === 0 || i === 1 / 0) {","            estimate = xc.join('');","","            if (!(estimate.length + e & 1)) {","                estimate += '0';","            }","","            r = new Big( Math.sqrt(estimate).toString() );","            r.e = ((e + 1) / 2 | 0) - (e < 0 || e & 1);","        } else {","            r = new Big(i.toString());","        }","","        i = r.e + (Big.DP += 4);","","        // Newton-Raphson iteration.","        do {","            approx = r;","            r = half.times( approx.plus( x.div(approx) ) );","        } while ( approx.c.slice(0, i).join('') !==","                       r.c.slice(0, i).join('') );","","        rnd(r, Big.DP -= 4, Big.RM);","","        return r;","    };","","","    /*","     * Return a new Big whose value is the value of this Big times the value of","     * Big y.","     */","    P.mul = P.times = function (y) {","        var c,","            x = this,","            Big = x.constructor,","            xc = x.c,","            yc = (y = new Big(y)).c,","            a = xc.length,","            b = yc.length,","            i = x.e,","            j = y.e;","","        // Determine sign of result.","        y.s = x.s == y.s ? 1 : -1;","","        // Return signed 0 if either 0.","        if (!xc[0] || !yc[0]) {","            return new Big(y.s * 0);","        }","","        // Initialise exponent of result as x.e + y.e.","        y.e = i + j;","","        // If array xc has fewer digits than yc, swap xc and yc, and lengths.","        if (a < b) {","            c = xc;","            xc = yc;","            yc = c;","            j = a;","            a = b;","            b = j;","        }","","        // Initialise coefficient array of result with zeros.","        for (c = new Array(j = a + b); j--; c[j] = 0) {","        }","","        // Multiply.","","        // i is initially xc.length.","        for (i = b; i--;) {","            b = 0;","","            // a is yc.length.","            for (j = a + i; j > i;) {","","                // Current sum of products at this digit position, plus carry.","                b = c[j] + yc[i] * xc[j - i - 1] + b;","                c[j--] = b % 10;","","                // carry","                b = b / 10 | 0;","            }","            c[j] = (c[j] + b) % 10;","        }","","        // Increment result exponent if there is a final carry.","        if (b) {","            ++y.e;","        }","","        // Remove any leading zero.","        if (!c[0]) {","            c.shift();","        }","","        // Remove trailing zeros.","        for (i = c.length; !c[--i]; c.pop()) {","        }","        y.c = c;","","        return y;","    };","","","    /*","     * Return a string representing the value of this Big.","     * Return exponential notation if this Big has a positive exponent equal to","     * or greater than Big.E_POS, or a negative exponent equal to or less than","     * Big.E_NEG.","     */","    P.toString = P.valueOf = P.toJSON = function () {","        var x = this,","            Big = x.constructor,","            e = x.e,","            str = x.c.join(''),","            strL = str.length;","","        // Exponential notation?","        if (e <= Big.E_NEG || e >= Big.E_POS) {","            str = str.charAt(0) + (strL > 1 ? '.' + str.slice(1) : '') +","              (e < 0 ? 'e' : 'e+') + e;","","        // Negative exponent?","        } else if (e < 0) {","","            // Prepend zeros.","            for (; ++e; str = '0' + str) {","            }","            str = '0.' + str;","","        // Positive exponent?","        } else if (e > 0) {","","            if (++e > strL) {","","                // Append zeros.","                for (e -= strL; e-- ; str += '0') {","                }","            } else if (e < strL) {","                str = str.slice(0, e) + '.' + str.slice(e);","            }","","        // Exponent zero.","        } else if (strL > 1) {","            str = str.charAt(0) + '.' + str.slice(1);","        }","","        // Avoid '-0'","        return x.s < 0 && x.c[0] ? '-' + str : str;","    };","","","    /*","     ***************************************************************************","     * If toExponential, toFixed, toPrecision and format are not required they","     * can safely be commented-out or deleted. No redundant code will be left.","     * format is used only by toExponential, toFixed and toPrecision.","     ***************************************************************************","     */","","","    /*","     * Return a string representing the value of this Big in exponential","     * notation to dp fixed decimal places and rounded, if necessary, using","     * Big.RM.","     *","     * [dp] {number} Integer, 0 to MAX_DP inclusive.","     */","    P.toExponential = function (dp) {","","        if (dp == null) {","            dp = this.c.length - 1;","        } else if (dp !== ~~dp || dp < 0 || dp > MAX_DP) {","            throwErr('!toExp!');","        }","","        return format(this, dp, 1);","    };","","","    /*","     * Return a string representing the value of this Big in normal notation","     * to dp fixed decimal places and rounded, if necessary, using Big.RM.","     *","     * [dp] {number} Integer, 0 to MAX_DP inclusive.","     */","    P.toFixed = function (dp) {","        var str,","            x = this,","            Big = x.constructor,","            neg = Big.E_NEG,","            pos = Big.E_POS;","","        // Prevent the possibility of exponential notation.","        Big.E_NEG = -(Big.E_POS = 1 / 0);","","        if (dp == null) {","            str = x.toString();","        } else if (dp === ~~dp && dp >= 0 && dp <= MAX_DP) {","            str = format(x, x.e + dp);","","            // (-0).toFixed() is '0', but (-0.1).toFixed() is '-0'.","            // (-0).toFixed(1) is '0.0', but (-0.01).toFixed(1) is '-0.0'.","            if (x.s < 0 && x.c[0] && str.indexOf('-') < 0) {","        //E.g. -0.5 if rounded to -0 will cause toString to omit the minus sign.","                str = '-' + str;","            }","        }","        Big.E_NEG = neg;","        Big.E_POS = pos;","","        if (!str) {","            throwErr('!toFix!');","        }","","        return str;","    };","","","    /*","     * Return a string representing the value of this Big rounded to sd","     * significant digits using Big.RM. Use exponential notation if sd is less","     * than the number of digits necessary to represent the integer part of the","     * value in normal notation.","     *","     * sd {number} Integer, 1 to MAX_DP inclusive.","     */","    P.toPrecision = function (sd) {","","        if (sd == null) {","            return this.toString();","        } else if (sd !== ~~sd || sd < 1 || sd > MAX_DP) {","            throwErr('!toPre!');","        }","","        return format(this, sd - 1, 2);","    };","","","    // Export","","","    Big = bigFactory();","","    //AMD.","    if (typeof define === 'function' && define.amd) {","        define(function () {","            return Big;","        });","","    // Node and other CommonJS-like environments that support module.exports.","    } else if (typeof module !== 'undefined' && module.exports) {","        module.exports = Big;","","    //Browser.","    } else {","        global.Big = Big;","    }","})(this);",""],"l":{"2":1,"21":1,"68":1,"76":1,"77":0,"80":0,"81":0,"85":0,"86":0,"87":0,"88":0,"90":0,"97":0,"100":1,"101":1,"102":1,"103":1,"104":1,"106":1,"121":1,"122":0,"129":0,"130":0,"133":0,"134":0,"135":0,"136":0,"140":0,"143":0,"147":0,"149":0,"157":0,"175":1,"176":0,"179":0,"180":0,"183":0,"184":0,"188":0,"191":0,"192":0,"196":0,"199":0,"200":0,"202":0,"203":0,"205":0,"208":0,"212":0,"215":0,"218":0,"222":0,"225":0,"226":0,"229":0,"233":0,"246":1,"247":0,"251":0,"254":0,"255":0,"256":0,"258":0,"259":0,"261":0,"263":0,"264":0,"268":0,"270":0,"273":0,"274":0,"278":0,"283":0,"286":0,"289":0,"290":0,"292":0,"293":0,"294":0,"300":0,"304":0,"313":1,"314":0,"315":0,"317":0,"327":1,"328":0,"329":0,"331":0,"341":1,"342":0,"352":0,"353":0,"357":0,"358":0,"360":0,"363":0,"364":0,"367":0,"368":0,"371":0,"373":0,"374":0,"379":0,"388":1,"389":0,"398":0,"399":0,"403":0,"406":0,"407":0,"411":0,"412":0,"416":0,"419":0,"432":0,"433":0,"436":0,"439":0,"442":0,"445":0,"448":0,"449":0,"452":0,"454":0,"455":0,"456":0,"462":0,"466":0,"468":0,"469":0,"471":0,"473":0,"474":0,"476":0,"478":0,"481":0,"486":0,"489":0,"490":0,"492":0,"498":0,"501":0,"502":0,"506":0,"507":0,"510":0,"518":1,"519":0,"527":1,"528":0,"536":1,"537":0,"545":1,"546":0,"554":1,"555":0,"563":1,"564":0,"571":0,"572":0,"573":0,"576":0,"582":0,"585":0,"590":0,"592":0,"593":0,"594":0,"596":0,"597":0,"600":0,"601":0,"603":0,"607":0,"609":0,"611":0,"612":0,"613":0,"619":0,"620":0,"621":0,"622":0,"623":0,"630":0,"632":0,"637":0,"639":0,"641":0,"643":0,"644":0,"646":0,"650":0,"654":0,"655":0,"656":0,"659":0,"662":0,"665":0,"668":0,"669":0,"671":0,"679":1,"680":0,"686":0,"687":0,"690":0,"691":0,"692":0,"693":0,"695":0,"696":0,"699":0,"700":0,"701":0,"702":0,"703":0,"704":0,"706":0,"714":1,"715":0,"722":0,"723":0,"724":0,"727":0,"733":0,"736":0,"738":0,"742":0,"744":0,"745":0,"746":0,"748":0,"749":0,"752":0,"753":0,"755":0,"759":0,"760":0,"761":0,"762":0,"764":0,"770":0,"771":0,"772":0,"777":0,"778":0,"779":0,"783":0,"786":0,"787":0,"789":0,"800":1,"801":0,"806":0,"807":0,"810":0,"812":0,"814":0,"815":0,"817":0,"819":0,"820":0,"822":0,"825":0,"838":1,"839":0,"842":0,"843":0,"844":0,"845":0,"847":0,"849":0,"858":1,"859":0,"868":0,"869":0,"873":0,"874":0,"878":0,"882":0,"883":0,"885":0,"886":0,"889":0,"890":0,"892":0,"895":0,"898":0,"899":0,"900":0,"904":0,"906":0,"914":1,"915":0,"926":0,"929":0,"930":0,"934":0,"937":0,"938":0,"939":0,"940":0,"941":0,"942":0,"943":0,"947":0,"953":0,"954":0,"957":0,"960":0,"961":0,"964":0,"966":0,"970":0,"971":0,"975":0,"976":0,"980":0,"982":0,"984":0,"994":1,"995":0,"1002":0,"1003":0,"1007":0,"1010":0,"1012":0,"1015":0,"1017":0,"1020":0,"1022":0,"1023":0,"1027":0,"1028":0,"1032":0,"1052":1,"1054":0,"1055":0,"1056":0,"1057":0,"1060":0,"1070":1,"1071":0,"1078":0,"1080":0,"1081":0,"1082":0,"1083":0,"1087":0,"1089":0,"1092":0,"1093":0,"1095":0,"1096":0,"1099":0,"1111":1,"1113":0,"1114":0,"1115":0,"1116":0,"1119":0,"1126":1,"1129":1,"1130":0,"1131":0,"1135":1,"1136":1,"1140":0}}}